2021-10-08 23:53:57,512 DEBUG scheduler Queued events for site library.test
2021-10-08 23:54:57,707 DEBUG scheduler Queued events for site library.test
2021-10-08 23:55:57,919 DEBUG scheduler Queued events for site library.test
2021-10-08 23:56:58,153 DEBUG scheduler Queued events for site library.test
2021-10-08 23:56:58,167 INFO scheduler Scheduled Job Start: frappe.monitor.flush for library.test
2021-10-08 23:56:58,346 INFO scheduler Scheduled Job Complete: frappe.monitor.flush for library.test
2021-10-08 23:56:58,476 INFO scheduler Scheduled Job Start: frappe.utils.global_search.sync_global_search for library.test
2021-10-08 23:56:58,796 INFO scheduler Scheduled Job Complete: frappe.utils.global_search.sync_global_search for library.test
2021-10-08 23:56:58,916 INFO scheduler Scheduled Job Start: frappe.integrations.doctype.razorpay_settings.razorpay_settings.capture_payment for library.test
2021-10-08 23:56:59,461 INFO scheduler Scheduled Job Complete: frappe.integrations.doctype.razorpay_settings.razorpay_settings.capture_payment for library.test
2021-10-08 23:56:59,575 INFO scheduler Scheduled Job Start: frappe.email.doctype.email_account.email_account.notify_unreplied for library.test
2021-10-08 23:56:59,824 INFO scheduler Scheduled Job Complete: frappe.email.doctype.email_account.email_account.notify_unreplied for library.test
2021-10-08 23:56:59,908 INFO scheduler Scheduled Job Start: frappe.email.doctype.email_account.email_account.pull for library.test
2021-10-08 23:57:00,160 INFO scheduler Scheduled Job Complete: frappe.email.doctype.email_account.email_account.pull for library.test
2021-10-08 23:57:00,227 INFO scheduler Scheduled Job Start: frappe.email.queue.flush for library.test
2021-10-08 23:57:00,433 INFO scheduler Scheduled Job Complete: frappe.email.queue.flush for library.test
2021-10-08 23:57:58,336 DEBUG scheduler Queued events for site library.test
2021-10-08 23:58:58,680 DEBUG scheduler Queued events for site library.test
2021-10-08 23:59:58,857 DEBUG scheduler Queued events for site library.test
2021-10-09 00:00:59,157 INFO scheduler Scheduled Job Start: frappe.integrations.doctype.google_drive.google_drive.daily_backup for library.test
2021-10-09 00:00:59,225 INFO scheduler Scheduled Job Start: frappe.core.doctype.log_settings.log_settings.run_log_clean_up for library.test
2021-10-09 00:00:59,714 INFO scheduler Scheduled Job Complete: frappe.core.doctype.log_settings.log_settings.run_log_clean_up for library.test
2021-10-09 00:00:59,804 INFO scheduler Scheduled Job Start: frappe.core.doctype.prepared_report.prepared_report.delete_expired_prepared_reports for library.test
2021-10-09 00:00:59,809 INFO scheduler Scheduled Job Complete: frappe.integrations.doctype.google_drive.google_drive.daily_backup for library.test
2021-10-09 00:00:59,870 DEBUG scheduler Queued events for site library.test
2021-10-09 00:00:59,908 INFO scheduler Scheduled Job Start: frappe.integrations.doctype.s3_backup_settings.s3_backup_settings.take_backups_daily for library.test
2021-10-09 00:01:00,234 INFO scheduler Scheduled Job Complete: frappe.core.doctype.prepared_report.prepared_report.delete_expired_prepared_reports for library.test
2021-10-09 00:01:00,334 INFO scheduler Scheduled Job Start: frappe.email.doctype.unhandled_email.unhandled_email.remove_old_unhandled_emails for library.test
2021-10-09 00:01:00,372 INFO scheduler Scheduled Job Complete: frappe.integrations.doctype.s3_backup_settings.s3_backup_settings.take_backups_daily for library.test
2021-10-09 00:01:00,492 INFO scheduler Scheduled Job Start: frappe.utils.change_log.check_for_update for library.test
2021-10-09 00:01:00,706 INFO scheduler Scheduled Job Complete: frappe.email.doctype.unhandled_email.unhandled_email.remove_old_unhandled_emails for library.test
2021-10-09 00:01:00,794 INFO scheduler Scheduled Job Start: frappe.automation.doctype.auto_repeat.auto_repeat.set_auto_repeat_as_completed for library.test
2021-10-09 00:01:01,480 INFO scheduler Scheduled Job Complete: frappe.automation.doctype.auto_repeat.auto_repeat.set_auto_repeat_as_completed for library.test
2021-10-09 00:01:01,510 INFO scheduler Scheduled Job Failed: frappe.utils.change_log.check_for_update for library.test
2021-10-09 00:01:01,572 INFO scheduler Scheduled Job Start: frappe.automation.doctype.auto_repeat.auto_repeat.make_auto_repeat_entry for library.test
2021-10-09 00:01:01,622 INFO scheduler Scheduled Job Start: frappe.integrations.doctype.dropbox_settings.dropbox_settings.take_backups_daily for library.test
2021-10-09 00:01:01,967 INFO scheduler Scheduled Job Complete: frappe.automation.doctype.auto_repeat.auto_repeat.make_auto_repeat_entry for library.test
2021-10-09 00:01:02,064 INFO scheduler Scheduled Job Start: frappe.integrations.doctype.google_contacts.google_contacts.sync for library.test
2021-10-09 00:01:02,297 INFO scheduler Scheduled Job Complete: frappe.integrations.doctype.dropbox_settings.dropbox_settings.take_backups_daily for library.test
2021-10-09 00:01:02,690 INFO scheduler Scheduled Job Complete: frappe.integrations.doctype.google_contacts.google_contacts.sync for library.test
2021-10-09 00:01:02,840 INFO scheduler Scheduled Job Start: frappe.social.doctype.energy_point_settings.energy_point_settings.allocate_review_points for library.test
2021-10-09 00:01:03,181 INFO scheduler Scheduled Job Complete: frappe.social.doctype.energy_point_settings.energy_point_settings.allocate_review_points for library.test
2021-10-09 00:01:03,254 INFO scheduler Scheduled Job Start: frappe.desk.form.document_follow.send_daily_updates for library.test
2021-10-09 00:01:03,525 INFO scheduler Scheduled Job Complete: frappe.desk.form.document_follow.send_daily_updates for library.test
2021-10-09 00:01:03,599 INFO scheduler Scheduled Job Start: frappe.website.doctype.personal_data_deletion_request.personal_data_deletion_request.remove_unverified_record for library.test
2021-10-09 00:01:03,919 INFO scheduler Scheduled Job Complete: frappe.website.doctype.personal_data_deletion_request.personal_data_deletion_request.remove_unverified_record for library.test
2021-10-09 00:01:04,028 INFO scheduler Scheduled Job Start: frappe.email.doctype.auto_email_report.auto_email_report.send_daily for library.test
2021-10-09 00:01:04,493 INFO scheduler Scheduled Job Complete: frappe.email.doctype.auto_email_report.auto_email_report.send_daily for library.test
2021-10-09 00:01:04,560 INFO scheduler Scheduled Job Start: frappe.utils.scheduler.restrict_scheduler_events_if_dormant for library.test
2021-10-09 00:01:04,810 INFO scheduler Scheduled Job Failed: frappe.utils.scheduler.restrict_scheduler_events_if_dormant for library.test
2021-10-09 00:01:04,922 INFO scheduler Scheduled Job Start: frappe.email.doctype.notification.notification.trigger_daily_alerts for library.test
2021-10-09 00:01:05,204 INFO scheduler Scheduled Job Complete: frappe.email.doctype.notification.notification.trigger_daily_alerts for library.test
2021-10-09 00:01:05,275 INFO scheduler Scheduled Job Start: frappe.sessions.clear_expired_sessions for library.test
2021-10-09 00:01:05,614 INFO scheduler Scheduled Job Complete: frappe.sessions.clear_expired_sessions for library.test
2021-10-09 00:01:05,697 INFO scheduler Scheduled Job Start: frappe.desk.doctype.event.event.send_event_digest for library.test
2021-10-09 00:01:05,998 INFO scheduler Scheduled Job Complete: frappe.desk.doctype.event.event.send_event_digest for library.test
2021-10-09 00:01:06,087 INFO scheduler Scheduled Job Start: frappe.core.doctype.error_log.error_log.set_old_logs_as_seen for library.test
2021-10-09 00:01:06,355 INFO scheduler Scheduled Job Complete: frappe.core.doctype.error_log.error_log.set_old_logs_as_seen for library.test
2021-10-09 00:01:06,421 INFO scheduler Scheduled Job Start: frappe.desk.notifications.clear_notifications for library.test
2021-10-09 00:01:06,679 INFO scheduler Scheduled Job Complete: frappe.desk.notifications.clear_notifications for library.test
2021-10-09 00:01:06,758 INFO scheduler Scheduled Job Start: frappe.email.queue.set_expiry_for_email_queue for library.test
2021-10-09 00:01:07,010 INFO scheduler Scheduled Job Complete: frappe.email.queue.set_expiry_for_email_queue for library.test
2021-10-09 00:01:07,083 INFO scheduler Scheduled Job Start: frappe.email.doctype.newsletter.newsletter.send_scheduled_email for library.test
2021-10-09 00:01:07,424 INFO scheduler Scheduled Job Complete: frappe.email.doctype.newsletter.newsletter.send_scheduled_email for library.test
2021-10-09 00:01:07,495 INFO scheduler Scheduled Job Start: frappe.integrations.doctype.google_calendar.google_calendar.sync for library.test
2021-10-09 00:01:07,934 INFO scheduler Scheduled Job Complete: frappe.integrations.doctype.google_calendar.google_calendar.sync for library.test
2021-10-09 00:01:08,015 INFO scheduler Scheduled Job Start: frappe.desk.form.document_follow.send_hourly_updates for library.test
2021-10-09 00:01:08,339 INFO scheduler Scheduled Job Complete: frappe.desk.form.document_follow.send_hourly_updates for library.test
2021-10-09 00:01:08,411 INFO scheduler Scheduled Job Start: frappe.deferred_insert.save_to_db for library.test
2021-10-09 00:01:08,841 INFO scheduler Scheduled Job Complete: frappe.deferred_insert.save_to_db for library.test
2021-10-09 00:01:08,906 INFO scheduler Scheduled Job Start: frappe.desk.page.backups.backups.delete_downloadable_backups for library.test
2021-10-09 00:01:09,175 INFO scheduler Scheduled Job Complete: frappe.desk.page.backups.backups.delete_downloadable_backups for library.test
2021-10-09 00:01:09,242 INFO scheduler Scheduled Job Start: frappe.utils.error.collect_error_snapshots for library.test
2021-10-09 00:01:09,512 INFO scheduler Scheduled Job Complete: frappe.utils.error.collect_error_snapshots for library.test
2021-10-09 00:01:09,583 INFO scheduler Scheduled Job Start: frappe.model.utils.user_settings.sync_user_settings for library.test
2021-10-09 00:01:09,828 INFO scheduler Scheduled Job Complete: frappe.model.utils.user_settings.sync_user_settings for library.test
2021-10-09 00:01:09,901 INFO scheduler Scheduled Job Start: frappe.model.utils.link_count.update_link_count for library.test
2021-10-09 00:01:10,143 INFO scheduler Scheduled Job Complete: frappe.model.utils.link_count.update_link_count for library.test
2021-10-09 00:01:10,209 INFO scheduler Scheduled Job Start: frappe.monitor.flush for library.test
2021-10-09 00:01:10,364 INFO scheduler Scheduled Job Complete: frappe.monitor.flush for library.test
2021-10-09 00:01:10,427 INFO scheduler Scheduled Job Start: frappe.utils.global_search.sync_global_search for library.test
2021-10-09 00:01:10,603 INFO scheduler Scheduled Job Complete: frappe.utils.global_search.sync_global_search for library.test
2021-10-09 00:01:10,665 INFO scheduler Scheduled Job Start: frappe.integrations.doctype.razorpay_settings.razorpay_settings.capture_payment for library.test
2021-10-09 00:01:10,933 INFO scheduler Scheduled Job Complete: frappe.integrations.doctype.razorpay_settings.razorpay_settings.capture_payment for library.test
2021-10-09 00:01:10,995 INFO scheduler Scheduled Job Start: frappe.email.doctype.email_account.email_account.notify_unreplied for library.test
2021-10-09 00:01:11,216 INFO scheduler Scheduled Job Complete: frappe.email.doctype.email_account.email_account.notify_unreplied for library.test
2021-10-09 00:01:11,282 INFO scheduler Scheduled Job Start: frappe.email.doctype.email_account.email_account.pull for library.test
2021-10-09 00:01:11,503 INFO scheduler Scheduled Job Complete: frappe.email.doctype.email_account.email_account.pull for library.test
2021-10-09 00:01:11,564 INFO scheduler Scheduled Job Start: frappe.email.queue.flush for library.test
2021-10-09 00:01:11,750 INFO scheduler Scheduled Job Complete: frappe.email.queue.flush for library.test
2021-10-09 00:01:11,814 INFO scheduler Scheduled Job Start: frappe.twofactor.delete_all_barcodes_for_users for library.test
2021-10-09 00:01:12,110 INFO scheduler Scheduled Job Complete: frappe.twofactor.delete_all_barcodes_for_users for library.test
2021-10-09 00:01:12,184 INFO scheduler Scheduled Job Start: frappe.website.doctype.web_page.web_page.check_publish_status for library.test
2021-10-09 00:01:12,517 INFO scheduler Scheduled Job Complete: frappe.website.doctype.web_page.web_page.check_publish_status for library.test
2021-10-09 00:01:12,590 INFO scheduler Scheduled Job Start: frappe.oauth.delete_oauth2_data for library.test
2021-10-09 00:01:12,866 INFO scheduler Scheduled Job Complete: frappe.oauth.delete_oauth2_data for library.test
2021-10-09 00:02:00,059 DEBUG scheduler Queued events for site library.test
2021-10-09 00:03:00,243 DEBUG scheduler Queued events for site library.test
2021-10-09 00:04:00,472 DEBUG scheduler Queued events for site library.test
2021-10-09 00:04:00,495 INFO scheduler Scheduled Job Start: frappe.monitor.flush for library.test
2021-10-09 00:04:00,668 INFO scheduler Scheduled Job Complete: frappe.monitor.flush for library.test
2021-10-09 00:04:00,731 INFO scheduler Scheduled Job Start: frappe.utils.global_search.sync_global_search for library.test
2021-10-09 00:04:00,899 INFO scheduler Scheduled Job Complete: frappe.utils.global_search.sync_global_search for library.test
2021-10-09 00:04:00,975 INFO scheduler Scheduled Job Start: frappe.integrations.doctype.razorpay_settings.razorpay_settings.capture_payment for library.test
2021-10-09 00:04:01,271 INFO scheduler Scheduled Job Complete: frappe.integrations.doctype.razorpay_settings.razorpay_settings.capture_payment for library.test
2021-10-09 00:04:01,346 INFO scheduler Scheduled Job Start: frappe.email.doctype.email_account.email_account.notify_unreplied for library.test
2021-10-09 00:04:01,566 INFO scheduler Scheduled Job Complete: frappe.email.doctype.email_account.email_account.notify_unreplied for library.test
2021-10-09 00:04:01,640 INFO scheduler Scheduled Job Start: frappe.email.doctype.email_account.email_account.pull for library.test
2021-10-09 00:04:01,875 INFO scheduler Scheduled Job Complete: frappe.email.doctype.email_account.email_account.pull for library.test
2021-10-09 00:04:01,950 INFO scheduler Scheduled Job Start: frappe.email.queue.flush for library.test
2021-10-09 00:04:02,174 INFO scheduler Scheduled Job Complete: frappe.email.queue.flush for library.test
2021-10-09 00:05:00,652 DEBUG scheduler Queued events for site library.test
2021-10-09 00:06:00,875 DEBUG scheduler Queued events for site library.test
2021-10-09 00:07:01,085 DEBUG scheduler Queued events for site library.test
2021-10-09 00:08:01,570 DEBUG scheduler Queued events for site library.test
2021-10-09 00:08:01,588 INFO scheduler Scheduled Job Start: frappe.monitor.flush for library.test
2021-10-09 00:08:01,875 INFO scheduler Scheduled Job Complete: frappe.monitor.flush for library.test
2021-10-09 00:08:01,984 INFO scheduler Scheduled Job Start: frappe.utils.global_search.sync_global_search for library.test
2021-10-09 00:08:02,288 INFO scheduler Scheduled Job Complete: frappe.utils.global_search.sync_global_search for library.test
2021-10-09 00:08:02,408 INFO scheduler Scheduled Job Start: frappe.integrations.doctype.razorpay_settings.razorpay_settings.capture_payment for library.test
2021-10-09 00:08:03,023 INFO scheduler Scheduled Job Complete: frappe.integrations.doctype.razorpay_settings.razorpay_settings.capture_payment for library.test
2021-10-09 00:08:03,127 INFO scheduler Scheduled Job Start: frappe.email.doctype.email_account.email_account.notify_unreplied for library.test
2021-10-09 00:08:03,454 INFO scheduler Scheduled Job Complete: frappe.email.doctype.email_account.email_account.notify_unreplied for library.test
2021-10-09 00:08:03,523 INFO scheduler Scheduled Job Start: frappe.email.doctype.email_account.email_account.pull for library.test
2021-10-09 00:08:03,841 INFO scheduler Scheduled Job Complete: frappe.email.doctype.email_account.email_account.pull for library.test
2021-10-09 00:08:03,909 INFO scheduler Scheduled Job Start: frappe.email.queue.flush for library.test
2021-10-09 00:08:04,122 INFO scheduler Scheduled Job Complete: frappe.email.queue.flush for library.test
2021-10-09 00:09:01,797 DEBUG scheduler Queued events for site library.test
2021-10-09 00:10:02,052 DEBUG scheduler Queued events for site library.test
2021-10-09 00:11:02,467 DEBUG scheduler Queued events for site library.test
2021-10-09 00:12:03,030 DEBUG scheduler Queued events for site library.test
2021-10-09 00:12:03,042 INFO scheduler Scheduled Job Start: frappe.monitor.flush for library.test
2021-10-09 00:12:03,399 INFO scheduler Scheduled Job Complete: frappe.monitor.flush for library.test
2021-10-09 00:12:03,520 INFO scheduler Scheduled Job Start: frappe.utils.global_search.sync_global_search for library.test
2021-10-09 00:12:03,963 INFO scheduler Scheduled Job Complete: frappe.utils.global_search.sync_global_search for library.test
2021-10-09 00:12:04,119 INFO scheduler Scheduled Job Start: frappe.integrations.doctype.razorpay_settings.razorpay_settings.capture_payment for library.test
2021-10-09 00:12:04,567 INFO scheduler Scheduled Job Complete: frappe.integrations.doctype.razorpay_settings.razorpay_settings.capture_payment for library.test
2021-10-09 00:12:04,681 INFO scheduler Scheduled Job Start: frappe.email.doctype.email_account.email_account.notify_unreplied for library.test
2021-10-09 00:12:05,075 INFO scheduler Scheduled Job Complete: frappe.email.doctype.email_account.email_account.notify_unreplied for library.test
2021-10-09 00:12:05,185 INFO scheduler Scheduled Job Start: frappe.email.doctype.email_account.email_account.pull for library.test
2021-10-09 00:12:05,640 INFO scheduler Scheduled Job Complete: frappe.email.doctype.email_account.email_account.pull for library.test
2021-10-09 00:12:05,786 INFO scheduler Scheduled Job Start: frappe.email.queue.flush for library.test
2021-10-09 00:12:06,209 INFO scheduler Scheduled Job Complete: frappe.email.queue.flush for library.test
2021-10-09 00:13:03,427 DEBUG scheduler Queued events for site library.test
2021-10-09 00:14:03,700 DEBUG scheduler Queued events for site library.test
2021-10-09 00:15:04,051 DEBUG scheduler Queued events for site library.test
2021-10-09 00:15:04,112 INFO scheduler Scheduled Job Start: frappe.twofactor.delete_all_barcodes_for_users for library.test
2021-10-09 00:15:04,643 INFO scheduler Scheduled Job Complete: frappe.twofactor.delete_all_barcodes_for_users for library.test
2021-10-09 00:15:04,764 INFO scheduler Scheduled Job Start: frappe.website.doctype.web_page.web_page.check_publish_status for library.test
2021-10-09 00:15:05,344 INFO scheduler Scheduled Job Complete: frappe.website.doctype.web_page.web_page.check_publish_status for library.test
2021-10-09 00:15:05,474 INFO scheduler Scheduled Job Start: frappe.oauth.delete_oauth2_data for library.test
2021-10-09 00:15:05,992 INFO scheduler Scheduled Job Complete: frappe.oauth.delete_oauth2_data for library.test
2021-10-09 00:16:04,397 DEBUG scheduler Queued events for site library.test
2021-10-09 00:16:04,417 INFO scheduler Scheduled Job Start: frappe.monitor.flush for library.test
2021-10-09 00:16:04,669 INFO scheduler Scheduled Job Complete: frappe.monitor.flush for library.test
2021-10-09 00:16:04,789 INFO scheduler Scheduled Job Start: frappe.utils.global_search.sync_global_search for library.test
2021-10-09 00:16:05,061 INFO scheduler Scheduled Job Complete: frappe.utils.global_search.sync_global_search for library.test
2021-10-09 00:16:05,147 INFO scheduler Scheduled Job Start: frappe.integrations.doctype.razorpay_settings.razorpay_settings.capture_payment for library.test
2021-10-09 00:16:05,642 INFO scheduler Scheduled Job Complete: frappe.integrations.doctype.razorpay_settings.razorpay_settings.capture_payment for library.test
2021-10-09 00:16:05,730 INFO scheduler Scheduled Job Start: frappe.email.doctype.email_account.email_account.notify_unreplied for library.test
2021-10-09 00:16:06,249 INFO scheduler Scheduled Job Complete: frappe.email.doctype.email_account.email_account.notify_unreplied for library.test
2021-10-09 00:16:06,387 INFO scheduler Scheduled Job Start: frappe.email.doctype.email_account.email_account.pull for library.test
2021-10-09 00:16:06,873 INFO scheduler Scheduled Job Complete: frappe.email.doctype.email_account.email_account.pull for library.test
2021-10-09 00:16:07,007 INFO scheduler Scheduled Job Start: frappe.email.queue.flush for library.test
2021-10-09 00:16:07,467 INFO scheduler Scheduled Job Complete: frappe.email.queue.flush for library.test
2021-10-09 00:17:04,707 DEBUG scheduler Queued events for site library.test
2021-10-09 00:18:04,966 DEBUG scheduler Queued events for site library.test
2021-10-09 00:19:05,264 DEBUG scheduler Queued events for site library.test
2021-10-09 00:20:05,963 DEBUG scheduler Queued events for site library.test
2021-10-09 00:20:05,984 INFO scheduler Scheduled Job Start: frappe.monitor.flush for library.test
2021-10-09 00:20:06,313 INFO scheduler Scheduled Job Complete: frappe.monitor.flush for library.test
2021-10-09 00:20:06,436 INFO scheduler Scheduled Job Start: frappe.utils.global_search.sync_global_search for library.test
2021-10-09 00:20:06,740 INFO scheduler Scheduled Job Complete: frappe.utils.global_search.sync_global_search for library.test
2021-10-09 00:20:06,960 INFO scheduler Scheduled Job Start: frappe.integrations.doctype.razorpay_settings.razorpay_settings.capture_payment for library.test
2021-10-09 00:20:07,757 INFO scheduler Scheduled Job Complete: frappe.integrations.doctype.razorpay_settings.razorpay_settings.capture_payment for library.test
2021-10-09 00:20:07,935 INFO scheduler Scheduled Job Start: frappe.email.doctype.email_account.email_account.notify_unreplied for library.test
2021-10-09 00:20:08,747 INFO scheduler Scheduled Job Complete: frappe.email.doctype.email_account.email_account.notify_unreplied for library.test
2021-10-09 00:20:08,891 INFO scheduler Scheduled Job Start: frappe.email.doctype.email_account.email_account.pull for library.test
2021-10-09 00:20:09,581 INFO scheduler Scheduled Job Complete: frappe.email.doctype.email_account.email_account.pull for library.test
2021-10-09 00:20:09,778 INFO scheduler Scheduled Job Start: frappe.email.queue.flush for library.test
2021-10-09 00:20:10,324 INFO scheduler Scheduled Job Complete: frappe.email.queue.flush for library.test
2021-10-09 00:21:06,309 DEBUG scheduler Queued events for site library.test
2021-10-09 00:22:06,548 DEBUG scheduler Queued events for site library.test
2021-10-09 00:23:06,846 DEBUG scheduler Queued events for site library.test
2021-10-09 00:24:07,541 DEBUG scheduler Queued events for site library.test
2021-10-09 00:24:07,546 INFO scheduler Scheduled Job Start: frappe.monitor.flush for library.test
2021-10-09 00:24:08,057 INFO scheduler Scheduled Job Complete: frappe.monitor.flush for library.test
2021-10-09 00:24:08,263 INFO scheduler Scheduled Job Start: frappe.utils.global_search.sync_global_search for library.test
2021-10-09 00:24:08,750 INFO scheduler Scheduled Job Complete: frappe.utils.global_search.sync_global_search for library.test
2021-10-09 00:24:08,929 INFO scheduler Scheduled Job Start: frappe.integrations.doctype.razorpay_settings.razorpay_settings.capture_payment for library.test
2021-10-09 00:24:09,804 INFO scheduler Scheduled Job Complete: frappe.integrations.doctype.razorpay_settings.razorpay_settings.capture_payment for library.test
2021-10-09 00:24:10,023 INFO scheduler Scheduled Job Start: frappe.email.doctype.email_account.email_account.notify_unreplied for library.test
2021-10-09 00:24:10,773 INFO scheduler Scheduled Job Complete: frappe.email.doctype.email_account.email_account.notify_unreplied for library.test
2021-10-09 00:24:10,989 INFO scheduler Scheduled Job Start: frappe.email.doctype.email_account.email_account.pull for library.test
2021-10-09 00:24:11,732 INFO scheduler Scheduled Job Complete: frappe.email.doctype.email_account.email_account.pull for library.test
2021-10-09 00:24:11,978 INFO scheduler Scheduled Job Start: frappe.email.queue.flush for library.test
2021-10-09 00:24:12,637 INFO scheduler Scheduled Job Complete: frappe.email.queue.flush for library.test
2021-10-09 00:25:08,175 DEBUG scheduler Queued events for site library.test
2021-10-09 00:26:08,879 DEBUG scheduler Queued events for site library.test
2021-10-09 00:27:09,590 DEBUG scheduler Queued events for site library.test
2021-10-09 00:28:10,509 DEBUG scheduler Queued events for site library.test
2021-10-09 00:28:10,580 INFO scheduler Scheduled Job Start: frappe.monitor.flush for library.test
2021-10-09 00:28:11,373 INFO scheduler Scheduled Job Complete: frappe.monitor.flush for library.test
2021-10-09 00:28:11,647 INFO scheduler Scheduled Job Start: frappe.utils.global_search.sync_global_search for library.test
2021-10-09 00:28:12,532 INFO scheduler Scheduled Job Complete: frappe.utils.global_search.sync_global_search for library.test
2021-10-09 00:28:12,845 INFO scheduler Scheduled Job Start: frappe.integrations.doctype.razorpay_settings.razorpay_settings.capture_payment for library.test
2021-10-09 00:28:14,137 INFO scheduler Scheduled Job Complete: frappe.integrations.doctype.razorpay_settings.razorpay_settings.capture_payment for library.test
2021-10-09 00:28:14,486 INFO scheduler Scheduled Job Start: frappe.email.doctype.email_account.email_account.notify_unreplied for library.test
2021-10-09 00:28:15,587 INFO scheduler Scheduled Job Complete: frappe.email.doctype.email_account.email_account.notify_unreplied for library.test
2021-10-09 00:28:15,930 INFO scheduler Scheduled Job Start: frappe.email.doctype.email_account.email_account.pull for library.test
2021-10-09 00:28:17,056 INFO scheduler Scheduled Job Complete: frappe.email.doctype.email_account.email_account.pull for library.test
2021-10-09 00:28:17,305 INFO scheduler Scheduled Job Start: frappe.email.queue.flush for library.test
2021-10-09 00:28:18,122 INFO scheduler Scheduled Job Complete: frappe.email.queue.flush for library.test
2021-10-09 00:29:11,383 DEBUG scheduler Queued events for site library.test
2021-10-09 00:30:12,166 DEBUG scheduler Queued events for site library.test
2021-10-09 00:30:12,398 INFO scheduler Scheduled Job Start: frappe.twofactor.delete_all_barcodes_for_users for library.test
2021-10-09 00:30:13,795 INFO scheduler Scheduled Job Complete: frappe.twofactor.delete_all_barcodes_for_users for library.test
2021-10-09 00:30:14,135 INFO scheduler Scheduled Job Start: frappe.website.doctype.web_page.web_page.check_publish_status for library.test
2021-10-09 00:30:15,766 INFO scheduler Scheduled Job Complete: frappe.website.doctype.web_page.web_page.check_publish_status for library.test
2021-10-09 00:30:16,147 INFO scheduler Scheduled Job Start: frappe.oauth.delete_oauth2_data for library.test
2021-10-09 00:30:17,487 INFO scheduler Scheduled Job Complete: frappe.oauth.delete_oauth2_data for library.test
2021-10-09 00:31:12,977 DEBUG scheduler Queued events for site library.test
2021-10-09 00:32:13,929 DEBUG scheduler Queued events for site library.test
2021-10-09 00:32:13,937 INFO scheduler Scheduled Job Start: frappe.monitor.flush for library.test
2021-10-09 00:32:14,728 INFO scheduler Scheduled Job Complete: frappe.monitor.flush for library.test
2021-10-09 00:32:14,944 INFO scheduler Scheduled Job Start: frappe.utils.global_search.sync_global_search for library.test
2021-10-09 00:32:15,547 INFO scheduler Scheduled Job Complete: frappe.utils.global_search.sync_global_search for library.test
2021-10-09 00:32:15,920 INFO scheduler Scheduled Job Start: frappe.integrations.doctype.razorpay_settings.razorpay_settings.capture_payment for library.test
2021-10-09 00:32:17,390 INFO scheduler Scheduled Job Complete: frappe.integrations.doctype.razorpay_settings.razorpay_settings.capture_payment for library.test
2021-10-09 00:32:17,677 INFO scheduler Scheduled Job Start: frappe.email.doctype.email_account.email_account.notify_unreplied for library.test
2021-10-09 00:32:18,578 INFO scheduler Scheduled Job Complete: frappe.email.doctype.email_account.email_account.notify_unreplied for library.test
2021-10-09 00:32:18,780 INFO scheduler Scheduled Job Start: frappe.email.doctype.email_account.email_account.pull for library.test
2021-10-09 00:32:19,703 INFO scheduler Scheduled Job Complete: frappe.email.doctype.email_account.email_account.pull for library.test
2021-10-09 00:32:20,063 INFO scheduler Scheduled Job Start: frappe.email.queue.flush for library.test
2021-10-09 00:32:20,931 INFO scheduler Scheduled Job Complete: frappe.email.queue.flush for library.test
2021-10-09 00:33:14,623 DEBUG scheduler Queued events for site library.test
2021-10-09 00:34:15,058 DEBUG scheduler Queued events for site library.test
2021-10-09 00:35:15,261 DEBUG scheduler Queued events for site library.test
2021-10-09 00:36:15,647 DEBUG scheduler Queued events for site library.test
2021-10-09 00:36:15,674 INFO scheduler Scheduled Job Start: frappe.monitor.flush for library.test
2021-10-09 00:36:15,952 INFO scheduler Scheduled Job Complete: frappe.monitor.flush for library.test
2021-10-09 00:36:16,050 INFO scheduler Scheduled Job Start: frappe.utils.global_search.sync_global_search for library.test
2021-10-09 00:36:16,293 INFO scheduler Scheduled Job Complete: frappe.utils.global_search.sync_global_search for library.test
2021-10-09 00:36:16,375 INFO scheduler Scheduled Job Start: frappe.integrations.doctype.razorpay_settings.razorpay_settings.capture_payment for library.test
2021-10-09 00:36:16,716 INFO scheduler Scheduled Job Complete: frappe.integrations.doctype.razorpay_settings.razorpay_settings.capture_payment for library.test
2021-10-09 00:36:16,788 INFO scheduler Scheduled Job Start: frappe.email.doctype.email_account.email_account.notify_unreplied for library.test
2021-10-09 00:36:17,062 INFO scheduler Scheduled Job Complete: frappe.email.doctype.email_account.email_account.notify_unreplied for library.test
2021-10-09 00:36:17,187 INFO scheduler Scheduled Job Start: frappe.email.doctype.email_account.email_account.pull for library.test
2021-10-09 00:36:17,584 INFO scheduler Scheduled Job Complete: frappe.email.doctype.email_account.email_account.pull for library.test
2021-10-09 00:36:17,672 INFO scheduler Scheduled Job Start: frappe.email.queue.flush for library.test
2021-10-09 00:36:17,941 INFO scheduler Scheduled Job Complete: frappe.email.queue.flush for library.test
2021-10-09 00:37:15,846 DEBUG scheduler Queued events for site library.test
2021-10-09 00:38:16,057 DEBUG scheduler Queued events for site library.test
2021-10-09 00:39:16,232 DEBUG scheduler Queued events for site library.test
2021-10-09 00:40:16,561 DEBUG scheduler Queued events for site library.test
2021-10-09 00:40:16,582 INFO scheduler Scheduled Job Start: frappe.monitor.flush for library.test
2021-10-09 00:40:16,957 INFO scheduler Scheduled Job Complete: frappe.monitor.flush for library.test
2021-10-09 00:40:17,081 INFO scheduler Scheduled Job Start: frappe.utils.global_search.sync_global_search for library.test
2021-10-09 00:40:17,359 INFO scheduler Scheduled Job Complete: frappe.utils.global_search.sync_global_search for library.test
2021-10-09 00:40:17,468 INFO scheduler Scheduled Job Start: frappe.integrations.doctype.razorpay_settings.razorpay_settings.capture_payment for library.test
2021-10-09 00:40:17,948 INFO scheduler Scheduled Job Complete: frappe.integrations.doctype.razorpay_settings.razorpay_settings.capture_payment for library.test
2021-10-09 00:40:18,059 INFO scheduler Scheduled Job Start: frappe.email.doctype.email_account.email_account.notify_unreplied for library.test
2021-10-09 00:40:18,488 INFO scheduler Scheduled Job Complete: frappe.email.doctype.email_account.email_account.notify_unreplied for library.test
2021-10-09 00:40:18,601 INFO scheduler Scheduled Job Start: frappe.email.doctype.email_account.email_account.pull for library.test
2021-10-09 00:40:19,077 INFO scheduler Scheduled Job Complete: frappe.email.doctype.email_account.email_account.pull for library.test
2021-10-09 00:40:19,193 INFO scheduler Scheduled Job Start: frappe.email.queue.flush for library.test
2021-10-09 00:40:19,558 INFO scheduler Scheduled Job Complete: frappe.email.queue.flush for library.test
2021-10-09 00:41:16,852 DEBUG scheduler Queued events for site library.test
2021-10-09 00:42:17,072 DEBUG scheduler Queued events for site library.test
2021-10-09 00:43:17,429 DEBUG scheduler Queued events for site library.test
2021-10-09 00:44:17,661 DEBUG scheduler Queued events for site library.test
2021-10-09 00:44:17,688 INFO scheduler Scheduled Job Start: frappe.monitor.flush for library.test
2021-10-09 00:44:17,909 INFO scheduler Scheduled Job Complete: frappe.monitor.flush for library.test
2021-10-09 00:44:17,984 INFO scheduler Scheduled Job Start: frappe.utils.global_search.sync_global_search for library.test
2021-10-09 00:44:18,190 INFO scheduler Scheduled Job Complete: frappe.utils.global_search.sync_global_search for library.test
2021-10-09 00:44:18,268 INFO scheduler Scheduled Job Start: frappe.integrations.doctype.razorpay_settings.razorpay_settings.capture_payment for library.test
2021-10-09 00:44:18,599 INFO scheduler Scheduled Job Complete: frappe.integrations.doctype.razorpay_settings.razorpay_settings.capture_payment for library.test
2021-10-09 00:44:18,678 INFO scheduler Scheduled Job Start: frappe.email.doctype.email_account.email_account.notify_unreplied for library.test
2021-10-09 00:44:18,956 INFO scheduler Scheduled Job Complete: frappe.email.doctype.email_account.email_account.notify_unreplied for library.test
2021-10-09 00:44:19,028 INFO scheduler Scheduled Job Start: frappe.email.doctype.email_account.email_account.pull for library.test
2021-10-09 00:44:19,283 INFO scheduler Scheduled Job Complete: frappe.email.doctype.email_account.email_account.pull for library.test
2021-10-09 00:44:19,355 INFO scheduler Scheduled Job Start: frappe.email.queue.flush for library.test
2021-10-09 00:44:19,582 INFO scheduler Scheduled Job Complete: frappe.email.queue.flush for library.test
2021-10-09 00:45:17,887 DEBUG scheduler Queued events for site library.test
2021-10-09 00:45:17,931 INFO scheduler Scheduled Job Start: frappe.twofactor.delete_all_barcodes_for_users for library.test
2021-10-09 00:45:18,279 INFO scheduler Scheduled Job Complete: frappe.twofactor.delete_all_barcodes_for_users for library.test
2021-10-09 00:45:18,362 INFO scheduler Scheduled Job Start: frappe.website.doctype.web_page.web_page.check_publish_status for library.test
2021-10-09 00:45:18,764 INFO scheduler Scheduled Job Complete: frappe.website.doctype.web_page.web_page.check_publish_status for library.test
2021-10-09 00:45:18,869 INFO scheduler Scheduled Job Start: frappe.oauth.delete_oauth2_data for library.test
2021-10-09 00:45:19,179 INFO scheduler Scheduled Job Complete: frappe.oauth.delete_oauth2_data for library.test
2021-10-09 00:46:18,064 DEBUG scheduler Queued events for site library.test
2021-10-09 00:47:18,267 DEBUG scheduler Queued events for site library.test
2021-10-09 00:48:18,536 DEBUG scheduler Queued events for site library.test
2021-10-09 00:48:18,553 INFO scheduler Scheduled Job Start: frappe.monitor.flush for library.test
2021-10-09 00:48:18,717 INFO scheduler Scheduled Job Complete: frappe.monitor.flush for library.test
2021-10-09 00:48:18,783 INFO scheduler Scheduled Job Start: frappe.utils.global_search.sync_global_search for library.test
2021-10-09 00:48:18,951 INFO scheduler Scheduled Job Complete: frappe.utils.global_search.sync_global_search for library.test
2021-10-09 00:48:19,021 INFO scheduler Scheduled Job Start: frappe.integrations.doctype.razorpay_settings.razorpay_settings.capture_payment for library.test
2021-10-09 00:48:19,369 INFO scheduler Scheduled Job Complete: frappe.integrations.doctype.razorpay_settings.razorpay_settings.capture_payment for library.test
2021-10-09 00:48:19,435 INFO scheduler Scheduled Job Start: frappe.email.doctype.email_account.email_account.notify_unreplied for library.test
2021-10-09 00:48:19,707 INFO scheduler Scheduled Job Complete: frappe.email.doctype.email_account.email_account.notify_unreplied for library.test
2021-10-09 00:48:19,778 INFO scheduler Scheduled Job Start: frappe.email.doctype.email_account.email_account.pull for library.test
2021-10-09 00:48:20,011 INFO scheduler Scheduled Job Complete: frappe.email.doctype.email_account.email_account.pull for library.test
2021-10-09 00:48:20,087 INFO scheduler Scheduled Job Start: frappe.email.queue.flush for library.test
2021-10-09 00:48:20,311 INFO scheduler Scheduled Job Complete: frappe.email.queue.flush for library.test
2021-10-09 00:49:18,708 DEBUG scheduler Queued events for site library.test
2021-10-09 00:50:18,963 DEBUG scheduler Queued events for site library.test
2021-10-09 00:51:19,139 DEBUG scheduler Queued events for site library.test
2021-10-09 00:52:19,364 DEBUG scheduler Queued events for site library.test
2021-10-09 00:52:19,379 INFO scheduler Scheduled Job Start: frappe.monitor.flush for library.test
2021-10-09 00:52:19,547 INFO scheduler Scheduled Job Complete: frappe.monitor.flush for library.test
2021-10-09 00:52:19,613 INFO scheduler Scheduled Job Start: frappe.utils.global_search.sync_global_search for library.test
2021-10-09 00:52:19,798 INFO scheduler Scheduled Job Complete: frappe.utils.global_search.sync_global_search for library.test
2021-10-09 00:52:19,902 INFO scheduler Scheduled Job Start: frappe.integrations.doctype.razorpay_settings.razorpay_settings.capture_payment for library.test
2021-10-09 00:52:20,198 INFO scheduler Scheduled Job Complete: frappe.integrations.doctype.razorpay_settings.razorpay_settings.capture_payment for library.test
2021-10-09 00:52:20,264 INFO scheduler Scheduled Job Start: frappe.email.doctype.email_account.email_account.notify_unreplied for library.test
2021-10-09 00:52:20,480 INFO scheduler Scheduled Job Complete: frappe.email.doctype.email_account.email_account.notify_unreplied for library.test
2021-10-09 00:52:20,547 INFO scheduler Scheduled Job Start: frappe.email.doctype.email_account.email_account.pull for library.test
2021-10-09 00:52:20,818 INFO scheduler Scheduled Job Complete: frappe.email.doctype.email_account.email_account.pull for library.test
2021-10-09 00:52:20,887 INFO scheduler Scheduled Job Start: frappe.email.queue.flush for library.test
2021-10-09 00:52:21,143 INFO scheduler Scheduled Job Complete: frappe.email.queue.flush for library.test
2021-10-09 00:53:19,645 DEBUG scheduler Queued events for site library.test
2021-10-09 00:54:19,824 DEBUG scheduler Queued events for site library.test
2021-10-09 00:55:20,017 DEBUG scheduler Queued events for site library.test
2021-10-09 00:56:20,338 DEBUG scheduler Queued events for site library.test
2021-10-09 00:56:20,354 INFO scheduler Scheduled Job Start: frappe.monitor.flush for library.test
2021-10-09 00:56:20,524 INFO scheduler Scheduled Job Complete: frappe.monitor.flush for library.test
2021-10-09 00:56:20,603 INFO scheduler Scheduled Job Start: frappe.utils.global_search.sync_global_search for library.test
2021-10-09 00:56:20,873 INFO scheduler Scheduled Job Complete: frappe.utils.global_search.sync_global_search for library.test
2021-10-09 00:56:20,974 INFO scheduler Scheduled Job Start: frappe.integrations.doctype.razorpay_settings.razorpay_settings.capture_payment for library.test
2021-10-09 00:56:21,393 INFO scheduler Scheduled Job Complete: frappe.integrations.doctype.razorpay_settings.razorpay_settings.capture_payment for library.test
2021-10-09 00:56:21,468 INFO scheduler Scheduled Job Start: frappe.email.doctype.email_account.email_account.notify_unreplied for library.test
2021-10-09 00:56:21,800 INFO scheduler Scheduled Job Complete: frappe.email.doctype.email_account.email_account.notify_unreplied for library.test
2021-10-09 00:56:21,882 INFO scheduler Scheduled Job Start: frappe.email.doctype.email_account.email_account.pull for library.test
2021-10-09 00:56:22,222 INFO scheduler Scheduled Job Complete: frappe.email.doctype.email_account.email_account.pull for library.test
2021-10-09 00:56:22,337 INFO scheduler Scheduled Job Start: frappe.email.queue.flush for library.test
2021-10-09 00:56:22,578 INFO scheduler Scheduled Job Complete: frappe.email.queue.flush for library.test
2021-10-09 00:57:20,513 DEBUG scheduler Queued events for site library.test
2021-10-09 00:58:20,693 DEBUG scheduler Queued events for site library.test
2021-10-09 00:59:20,863 DEBUG scheduler Queued events for site library.test
2021-10-09 01:00:21,114 INFO scheduler Scheduled Job Start: frappe.email.doctype.newsletter.newsletter.send_scheduled_email for library.test
2021-10-09 01:00:21,237 DEBUG scheduler Queued events for site library.test
2021-10-09 01:00:21,481 INFO scheduler Scheduled Job Complete: frappe.email.doctype.newsletter.newsletter.send_scheduled_email for library.test
2021-10-09 01:00:21,582 INFO scheduler Scheduled Job Start: frappe.integrations.doctype.google_calendar.google_calendar.sync for library.test
2021-10-09 01:00:22,091 INFO scheduler Scheduled Job Complete: frappe.integrations.doctype.google_calendar.google_calendar.sync for library.test
2021-10-09 01:00:22,168 INFO scheduler Scheduled Job Start: frappe.desk.form.document_follow.send_hourly_updates for library.test
2021-10-09 01:00:22,442 INFO scheduler Scheduled Job Complete: frappe.desk.form.document_follow.send_hourly_updates for library.test
2021-10-09 01:00:22,522 INFO scheduler Scheduled Job Start: frappe.deferred_insert.save_to_db for library.test
2021-10-09 01:00:22,869 INFO scheduler Scheduled Job Complete: frappe.deferred_insert.save_to_db for library.test
2021-10-09 01:00:22,944 INFO scheduler Scheduled Job Start: frappe.desk.page.backups.backups.delete_downloadable_backups for library.test
2021-10-09 01:00:23,281 INFO scheduler Scheduled Job Complete: frappe.desk.page.backups.backups.delete_downloadable_backups for library.test
2021-10-09 01:00:23,362 INFO scheduler Scheduled Job Start: frappe.utils.error.collect_error_snapshots for library.test
2021-10-09 01:00:23,641 INFO scheduler Scheduled Job Complete: frappe.utils.error.collect_error_snapshots for library.test
2021-10-09 01:00:23,712 INFO scheduler Scheduled Job Start: frappe.model.utils.user_settings.sync_user_settings for library.test
2021-10-09 01:00:23,981 INFO scheduler Scheduled Job Complete: frappe.model.utils.user_settings.sync_user_settings for library.test
2021-10-09 01:00:24,060 INFO scheduler Scheduled Job Start: frappe.model.utils.link_count.update_link_count for library.test
2021-10-09 01:00:24,336 INFO scheduler Scheduled Job Complete: frappe.model.utils.link_count.update_link_count for library.test
2021-10-09 01:00:24,412 INFO scheduler Scheduled Job Start: frappe.monitor.flush for library.test
2021-10-09 01:00:24,586 INFO scheduler Scheduled Job Complete: frappe.monitor.flush for library.test
2021-10-09 01:00:24,676 INFO scheduler Scheduled Job Start: frappe.utils.global_search.sync_global_search for library.test
2021-10-09 01:00:24,896 INFO scheduler Scheduled Job Complete: frappe.utils.global_search.sync_global_search for library.test
2021-10-09 01:00:24,967 INFO scheduler Scheduled Job Start: frappe.integrations.doctype.razorpay_settings.razorpay_settings.capture_payment for library.test
2021-10-09 01:00:25,295 INFO scheduler Scheduled Job Complete: frappe.integrations.doctype.razorpay_settings.razorpay_settings.capture_payment for library.test
2021-10-09 01:00:25,368 INFO scheduler Scheduled Job Start: frappe.email.doctype.email_account.email_account.notify_unreplied for library.test
2021-10-09 01:00:25,605 INFO scheduler Scheduled Job Complete: frappe.email.doctype.email_account.email_account.notify_unreplied for library.test
2021-10-09 01:00:25,678 INFO scheduler Scheduled Job Start: frappe.email.doctype.email_account.email_account.pull for library.test
2021-10-09 01:00:25,929 INFO scheduler Scheduled Job Complete: frappe.email.doctype.email_account.email_account.pull for library.test
2021-10-09 01:00:26,006 INFO scheduler Scheduled Job Start: frappe.email.queue.flush for library.test
2021-10-09 01:00:26,250 INFO scheduler Scheduled Job Complete: frappe.email.queue.flush for library.test
2021-10-09 01:00:26,317 INFO scheduler Scheduled Job Start: frappe.twofactor.delete_all_barcodes_for_users for library.test
2021-10-09 01:00:26,710 INFO scheduler Scheduled Job Complete: frappe.twofactor.delete_all_barcodes_for_users for library.test
2021-10-09 01:00:26,811 INFO scheduler Scheduled Job Start: frappe.website.doctype.web_page.web_page.check_publish_status for library.test
2021-10-09 01:00:27,233 INFO scheduler Scheduled Job Complete: frappe.website.doctype.web_page.web_page.check_publish_status for library.test
2021-10-09 01:00:27,344 INFO scheduler Scheduled Job Start: frappe.oauth.delete_oauth2_data for library.test
2021-10-09 01:00:27,678 INFO scheduler Scheduled Job Complete: frappe.oauth.delete_oauth2_data for library.test
2021-10-09 01:01:21,424 DEBUG scheduler Queued events for site library.test
2021-10-09 01:02:21,651 DEBUG scheduler Queued events for site library.test
2021-10-09 01:03:21,825 DEBUG scheduler Queued events for site library.test
2021-10-09 01:04:22,128 DEBUG scheduler Queued events for site library.test
2021-10-09 01:04:22,144 INFO scheduler Scheduled Job Start: frappe.monitor.flush for library.test
2021-10-09 01:04:22,330 INFO scheduler Scheduled Job Complete: frappe.monitor.flush for library.test
2021-10-09 01:04:22,397 INFO scheduler Scheduled Job Start: frappe.utils.global_search.sync_global_search for library.test
2021-10-09 01:04:22,580 INFO scheduler Scheduled Job Complete: frappe.utils.global_search.sync_global_search for library.test
2021-10-09 01:04:22,651 INFO scheduler Scheduled Job Start: frappe.integrations.doctype.razorpay_settings.razorpay_settings.capture_payment for library.test
2021-10-09 01:04:22,973 INFO scheduler Scheduled Job Complete: frappe.integrations.doctype.razorpay_settings.razorpay_settings.capture_payment for library.test
2021-10-09 01:04:23,117 INFO scheduler Scheduled Job Start: frappe.email.doctype.email_account.email_account.notify_unreplied for library.test
2021-10-09 01:04:23,432 INFO scheduler Scheduled Job Complete: frappe.email.doctype.email_account.email_account.notify_unreplied for library.test
2021-10-09 01:04:23,505 INFO scheduler Scheduled Job Start: frappe.email.doctype.email_account.email_account.pull for library.test
2021-10-09 01:04:23,760 INFO scheduler Scheduled Job Complete: frappe.email.doctype.email_account.email_account.pull for library.test
2021-10-09 01:04:23,826 INFO scheduler Scheduled Job Start: frappe.email.queue.flush for library.test
2021-10-09 01:04:24,042 INFO scheduler Scheduled Job Complete: frappe.email.queue.flush for library.test
2021-10-09 01:05:22,330 DEBUG scheduler Queued events for site library.test
2021-10-09 01:06:22,518 DEBUG scheduler Queued events for site library.test
2021-10-09 01:07:22,774 DEBUG scheduler Queued events for site library.test
2021-10-09 01:08:22,999 DEBUG scheduler Queued events for site library.test
2021-10-09 01:08:23,015 INFO scheduler Scheduled Job Start: frappe.monitor.flush for library.test
2021-10-09 01:08:23,213 INFO scheduler Scheduled Job Complete: frappe.monitor.flush for library.test
2021-10-09 01:08:23,297 INFO scheduler Scheduled Job Start: frappe.utils.global_search.sync_global_search for library.test
2021-10-09 01:08:23,614 INFO scheduler Scheduled Job Complete: frappe.utils.global_search.sync_global_search for library.test
2021-10-09 01:08:23,758 INFO scheduler Scheduled Job Start: frappe.integrations.doctype.razorpay_settings.razorpay_settings.capture_payment for library.test
2021-10-09 01:08:24,077 INFO scheduler Scheduled Job Complete: frappe.integrations.doctype.razorpay_settings.razorpay_settings.capture_payment for library.test
2021-10-09 01:08:24,152 INFO scheduler Scheduled Job Start: frappe.email.doctype.email_account.email_account.notify_unreplied for library.test
2021-10-09 01:08:24,408 INFO scheduler Scheduled Job Complete: frappe.email.doctype.email_account.email_account.notify_unreplied for library.test
2021-10-09 01:08:24,538 INFO scheduler Scheduled Job Start: frappe.email.doctype.email_account.email_account.pull for library.test
2021-10-09 01:08:24,900 INFO scheduler Scheduled Job Complete: frappe.email.doctype.email_account.email_account.pull for library.test
2021-10-09 01:08:25,046 INFO scheduler Scheduled Job Start: frappe.email.queue.flush for library.test
2021-10-09 01:08:25,472 INFO scheduler Scheduled Job Complete: frappe.email.queue.flush for library.test
2021-10-09 01:09:23,345 DEBUG scheduler Queued events for site library.test
2021-10-09 01:10:23,581 DEBUG scheduler Queued events for site library.test
2021-10-09 01:11:23,779 DEBUG scheduler Queued events for site library.test
2021-10-09 01:12:24,081 DEBUG scheduler Queued events for site library.test
2021-10-09 01:12:24,092 INFO scheduler Scheduled Job Start: frappe.monitor.flush for library.test
2021-10-09 01:12:24,356 INFO scheduler Scheduled Job Complete: frappe.monitor.flush for library.test
2021-10-09 01:12:24,502 INFO scheduler Scheduled Job Start: frappe.utils.global_search.sync_global_search for library.test
2021-10-09 01:12:24,850 INFO scheduler Scheduled Job Complete: frappe.utils.global_search.sync_global_search for library.test
2021-10-09 01:12:24,955 INFO scheduler Scheduled Job Start: frappe.integrations.doctype.razorpay_settings.razorpay_settings.capture_payment for library.test
2021-10-09 01:12:25,697 INFO scheduler Scheduled Job Complete: frappe.integrations.doctype.razorpay_settings.razorpay_settings.capture_payment for library.test
2021-10-09 01:12:25,897 INFO scheduler Scheduled Job Start: frappe.email.doctype.email_account.email_account.notify_unreplied for library.test
2021-10-09 01:12:26,399 INFO scheduler Scheduled Job Complete: frappe.email.doctype.email_account.email_account.notify_unreplied for library.test
2021-10-09 01:12:26,543 INFO scheduler Scheduled Job Start: frappe.email.doctype.email_account.email_account.pull for library.test
2021-10-09 01:12:27,070 INFO scheduler Scheduled Job Complete: frappe.email.doctype.email_account.email_account.pull for library.test
2021-10-09 01:12:27,166 INFO scheduler Scheduled Job Start: frappe.email.queue.flush for library.test
2021-10-09 01:12:27,459 INFO scheduler Scheduled Job Complete: frappe.email.queue.flush for library.test
2021-10-09 01:13:24,507 DEBUG scheduler Queued events for site library.test
2021-10-09 01:14:24,791 DEBUG scheduler Queued events for site library.test
2021-10-09 01:15:24,999 DEBUG scheduler Queued events for site library.test
2021-10-09 01:15:25,053 INFO scheduler Scheduled Job Start: frappe.twofactor.delete_all_barcodes_for_users for library.test
2021-10-09 01:15:25,387 INFO scheduler Scheduled Job Complete: frappe.twofactor.delete_all_barcodes_for_users for library.test
2021-10-09 01:15:25,466 INFO scheduler Scheduled Job Start: frappe.website.doctype.web_page.web_page.check_publish_status for library.test
2021-10-09 01:15:25,914 INFO scheduler Scheduled Job Complete: frappe.website.doctype.web_page.web_page.check_publish_status for library.test
2021-10-09 01:15:26,021 INFO scheduler Scheduled Job Start: frappe.oauth.delete_oauth2_data for library.test
2021-10-09 01:15:26,389 INFO scheduler Scheduled Job Complete: frappe.oauth.delete_oauth2_data for library.test
2021-10-09 01:16:25,233 DEBUG scheduler Queued events for site library.test
2021-10-09 01:16:25,250 INFO scheduler Scheduled Job Start: frappe.monitor.flush for library.test
2021-10-09 01:16:25,441 INFO scheduler Scheduled Job Complete: frappe.monitor.flush for library.test
2021-10-09 01:16:25,530 INFO scheduler Scheduled Job Start: frappe.utils.global_search.sync_global_search for library.test
2021-10-09 01:16:25,716 INFO scheduler Scheduled Job Complete: frappe.utils.global_search.sync_global_search for library.test
2021-10-09 01:16:25,783 INFO scheduler Scheduled Job Start: frappe.integrations.doctype.razorpay_settings.razorpay_settings.capture_payment for library.test
2021-10-09 01:16:26,105 INFO scheduler Scheduled Job Complete: frappe.integrations.doctype.razorpay_settings.razorpay_settings.capture_payment for library.test
2021-10-09 01:16:26,176 INFO scheduler Scheduled Job Start: frappe.email.doctype.email_account.email_account.notify_unreplied for library.test
2021-10-09 01:16:26,406 INFO scheduler Scheduled Job Complete: frappe.email.doctype.email_account.email_account.notify_unreplied for library.test
2021-10-09 01:16:26,473 INFO scheduler Scheduled Job Start: frappe.email.doctype.email_account.email_account.pull for library.test
2021-10-09 01:16:26,716 INFO scheduler Scheduled Job Complete: frappe.email.doctype.email_account.email_account.pull for library.test
2021-10-09 01:16:26,783 INFO scheduler Scheduled Job Start: frappe.email.queue.flush for library.test
2021-10-09 01:16:26,984 INFO scheduler Scheduled Job Complete: frappe.email.queue.flush for library.test
2021-10-09 01:17:25,506 DEBUG scheduler Queued events for site library.test
2021-10-09 01:18:25,710 DEBUG scheduler Queued events for site library.test
2021-10-09 01:19:25,899 DEBUG scheduler Queued events for site library.test
2021-10-09 01:20:26,154 INFO scheduler Scheduled Job Start: frappe.monitor.flush for library.test
2021-10-09 01:20:26,165 DEBUG scheduler Queued events for site library.test
2021-10-09 01:20:26,411 INFO scheduler Scheduled Job Complete: frappe.monitor.flush for library.test
2021-10-09 01:20:26,527 INFO scheduler Scheduled Job Start: frappe.utils.global_search.sync_global_search for library.test
2021-10-09 01:20:26,738 INFO scheduler Scheduled Job Complete: frappe.utils.global_search.sync_global_search for library.test
2021-10-09 01:20:26,814 INFO scheduler Scheduled Job Start: frappe.integrations.doctype.razorpay_settings.razorpay_settings.capture_payment for library.test
2021-10-09 01:20:27,162 INFO scheduler Scheduled Job Complete: frappe.integrations.doctype.razorpay_settings.razorpay_settings.capture_payment for library.test
2021-10-09 01:20:27,242 INFO scheduler Scheduled Job Start: frappe.email.doctype.email_account.email_account.notify_unreplied for library.test
2021-10-09 01:20:27,493 INFO scheduler Scheduled Job Complete: frappe.email.doctype.email_account.email_account.notify_unreplied for library.test
2021-10-09 01:20:27,561 INFO scheduler Scheduled Job Start: frappe.email.doctype.email_account.email_account.pull for library.test
2021-10-09 01:20:27,859 INFO scheduler Scheduled Job Complete: frappe.email.doctype.email_account.email_account.pull for library.test
2021-10-09 01:20:27,930 INFO scheduler Scheduled Job Start: frappe.email.queue.flush for library.test
2021-10-09 01:20:28,206 INFO scheduler Scheduled Job Complete: frappe.email.queue.flush for library.test
2021-10-09 01:21:26,345 DEBUG scheduler Queued events for site library.test
2021-10-09 01:22:26,607 DEBUG scheduler Queued events for site library.test
2021-10-09 01:23:26,782 DEBUG scheduler Queued events for site library.test
2021-10-09 01:24:27,176 DEBUG scheduler Queued events for site library.test
2021-10-09 01:24:27,187 INFO scheduler Scheduled Job Start: frappe.monitor.flush for library.test
2021-10-09 01:24:27,496 INFO scheduler Scheduled Job Complete: frappe.monitor.flush for library.test
2021-10-09 01:24:27,621 INFO scheduler Scheduled Job Start: frappe.utils.global_search.sync_global_search for library.test
2021-10-09 01:24:27,998 INFO scheduler Scheduled Job Complete: frappe.utils.global_search.sync_global_search for library.test
2021-10-09 01:24:28,112 INFO scheduler Scheduled Job Start: frappe.integrations.doctype.razorpay_settings.razorpay_settings.capture_payment for library.test
2021-10-09 01:24:28,781 INFO scheduler Scheduled Job Complete: frappe.integrations.doctype.razorpay_settings.razorpay_settings.capture_payment for library.test
2021-10-09 01:24:28,954 INFO scheduler Scheduled Job Start: frappe.email.doctype.email_account.email_account.notify_unreplied for library.test
2021-10-09 01:24:29,441 INFO scheduler Scheduled Job Complete: frappe.email.doctype.email_account.email_account.notify_unreplied for library.test
2021-10-09 01:24:29,606 INFO scheduler Scheduled Job Start: frappe.email.doctype.email_account.email_account.pull for library.test
2021-10-09 01:24:30,069 INFO scheduler Scheduled Job Complete: frappe.email.doctype.email_account.email_account.pull for library.test
2021-10-09 01:24:30,208 INFO scheduler Scheduled Job Start: frappe.email.queue.flush for library.test
2021-10-09 01:24:30,582 INFO scheduler Scheduled Job Complete: frappe.email.queue.flush for library.test
2021-10-09 01:25:27,368 DEBUG scheduler Queued events for site library.test
2021-10-09 01:26:27,571 DEBUG scheduler Queued events for site library.test
2021-10-09 01:27:27,956 DEBUG scheduler Queued events for site library.test
2021-10-09 01:28:28,216 DEBUG scheduler Queued events for site library.test
2021-10-09 01:28:28,239 INFO scheduler Scheduled Job Start: frappe.monitor.flush for library.test
2021-10-09 01:28:28,463 INFO scheduler Scheduled Job Complete: frappe.monitor.flush for library.test
2021-10-09 01:28:28,537 INFO scheduler Scheduled Job Start: frappe.utils.global_search.sync_global_search for library.test
2021-10-09 01:28:28,773 INFO scheduler Scheduled Job Complete: frappe.utils.global_search.sync_global_search for library.test
2021-10-09 01:28:28,865 INFO scheduler Scheduled Job Start: frappe.integrations.doctype.razorpay_settings.razorpay_settings.capture_payment for library.test
2021-10-09 01:28:29,175 INFO scheduler Scheduled Job Complete: frappe.integrations.doctype.razorpay_settings.razorpay_settings.capture_payment for library.test
2021-10-09 01:28:29,253 INFO scheduler Scheduled Job Start: frappe.email.doctype.email_account.email_account.notify_unreplied for library.test
2021-10-09 01:28:29,525 INFO scheduler Scheduled Job Complete: frappe.email.doctype.email_account.email_account.notify_unreplied for library.test
2021-10-09 01:28:29,602 INFO scheduler Scheduled Job Start: frappe.email.doctype.email_account.email_account.pull for library.test
2021-10-09 01:28:29,870 INFO scheduler Scheduled Job Complete: frappe.email.doctype.email_account.email_account.pull for library.test
2021-10-09 01:28:29,953 INFO scheduler Scheduled Job Start: frappe.email.queue.flush for library.test
2021-10-09 01:28:30,271 INFO scheduler Scheduled Job Complete: frappe.email.queue.flush for library.test
2021-10-09 01:29:28,390 DEBUG scheduler Queued events for site library.test
2021-10-09 01:30:28,603 DEBUG scheduler Queued events for site library.test
2021-10-09 01:30:28,648 INFO scheduler Scheduled Job Start: frappe.twofactor.delete_all_barcodes_for_users for library.test
2021-10-09 01:30:29,023 INFO scheduler Scheduled Job Complete: frappe.twofactor.delete_all_barcodes_for_users for library.test
2021-10-09 01:30:29,093 INFO scheduler Scheduled Job Start: frappe.website.doctype.web_page.web_page.check_publish_status for library.test
2021-10-09 01:30:29,448 INFO scheduler Scheduled Job Complete: frappe.website.doctype.web_page.web_page.check_publish_status for library.test
2021-10-09 01:30:29,563 INFO scheduler Scheduled Job Start: frappe.oauth.delete_oauth2_data for library.test
2021-10-09 01:30:29,883 INFO scheduler Scheduled Job Complete: frappe.oauth.delete_oauth2_data for library.test
2021-10-09 01:31:28,776 DEBUG scheduler Queued events for site library.test
2021-10-09 01:32:29,001 DEBUG scheduler Queued events for site library.test
2021-10-09 01:32:29,022 INFO scheduler Scheduled Job Start: frappe.monitor.flush for library.test
2021-10-09 01:32:29,264 INFO scheduler Scheduled Job Complete: frappe.monitor.flush for library.test
2021-10-09 01:32:29,328 INFO scheduler Scheduled Job Start: frappe.utils.global_search.sync_global_search for library.test
2021-10-09 01:32:29,496 INFO scheduler Scheduled Job Complete: frappe.utils.global_search.sync_global_search for library.test
2021-10-09 01:32:29,561 INFO scheduler Scheduled Job Start: frappe.integrations.doctype.razorpay_settings.razorpay_settings.capture_payment for library.test
2021-10-09 01:32:29,837 INFO scheduler Scheduled Job Complete: frappe.integrations.doctype.razorpay_settings.razorpay_settings.capture_payment for library.test
2021-10-09 01:32:29,937 INFO scheduler Scheduled Job Start: frappe.email.doctype.email_account.email_account.notify_unreplied for library.test
2021-10-09 01:32:30,215 INFO scheduler Scheduled Job Complete: frappe.email.doctype.email_account.email_account.notify_unreplied for library.test
2021-10-09 01:32:30,308 INFO scheduler Scheduled Job Start: frappe.email.doctype.email_account.email_account.pull for library.test
2021-10-09 01:32:30,609 INFO scheduler Scheduled Job Complete: frappe.email.doctype.email_account.email_account.pull for library.test
2021-10-09 01:32:30,731 INFO scheduler Scheduled Job Start: frappe.email.queue.flush for library.test
2021-10-09 01:32:30,928 INFO scheduler Scheduled Job Complete: frappe.email.queue.flush for library.test
2021-10-09 01:33:29,168 DEBUG scheduler Queued events for site library.test
2021-10-09 01:34:29,341 DEBUG scheduler Queued events for site library.test
2021-10-09 01:35:29,540 DEBUG scheduler Queued events for site library.test
2021-10-09 01:36:29,764 DEBUG scheduler Queued events for site library.test
2021-10-09 01:36:29,783 INFO scheduler Scheduled Job Start: frappe.monitor.flush for library.test
2021-10-09 01:36:29,955 INFO scheduler Scheduled Job Complete: frappe.monitor.flush for library.test
2021-10-09 01:36:30,032 INFO scheduler Scheduled Job Start: frappe.utils.global_search.sync_global_search for library.test
2021-10-09 01:36:30,223 INFO scheduler Scheduled Job Complete: frappe.utils.global_search.sync_global_search for library.test
2021-10-09 01:36:30,321 INFO scheduler Scheduled Job Start: frappe.integrations.doctype.razorpay_settings.razorpay_settings.capture_payment for library.test
2021-10-09 01:36:30,625 INFO scheduler Scheduled Job Complete: frappe.integrations.doctype.razorpay_settings.razorpay_settings.capture_payment for library.test
2021-10-09 01:36:30,736 INFO scheduler Scheduled Job Start: frappe.email.doctype.email_account.email_account.notify_unreplied for library.test
2021-10-09 01:36:30,958 INFO scheduler Scheduled Job Complete: frappe.email.doctype.email_account.email_account.notify_unreplied for library.test
2021-10-09 01:36:31,029 INFO scheduler Scheduled Job Start: frappe.email.doctype.email_account.email_account.pull for library.test
2021-10-09 01:36:31,272 INFO scheduler Scheduled Job Complete: frappe.email.doctype.email_account.email_account.pull for library.test
2021-10-09 01:36:31,349 INFO scheduler Scheduled Job Start: frappe.email.queue.flush for library.test
2021-10-09 01:36:31,548 INFO scheduler Scheduled Job Complete: frappe.email.queue.flush for library.test
2021-10-09 01:37:29,935 DEBUG scheduler Queued events for site library.test
2021-10-09 01:38:30,165 DEBUG scheduler Queued events for site library.test
2021-10-09 01:39:30,338 DEBUG scheduler Queued events for site library.test
2021-10-09 01:40:30,567 DEBUG scheduler Queued events for site library.test
2021-10-09 01:40:30,582 INFO scheduler Scheduled Job Start: frappe.monitor.flush for library.test
2021-10-09 01:40:30,743 INFO scheduler Scheduled Job Complete: frappe.monitor.flush for library.test
2021-10-09 01:40:30,808 INFO scheduler Scheduled Job Start: frappe.utils.global_search.sync_global_search for library.test
2021-10-09 01:40:30,967 INFO scheduler Scheduled Job Complete: frappe.utils.global_search.sync_global_search for library.test
2021-10-09 01:40:31,036 INFO scheduler Scheduled Job Start: frappe.integrations.doctype.razorpay_settings.razorpay_settings.capture_payment for library.test
2021-10-09 01:40:31,377 INFO scheduler Scheduled Job Complete: frappe.integrations.doctype.razorpay_settings.razorpay_settings.capture_payment for library.test
2021-10-09 01:40:31,443 INFO scheduler Scheduled Job Start: frappe.email.doctype.email_account.email_account.notify_unreplied for library.test
2021-10-09 01:40:31,667 INFO scheduler Scheduled Job Complete: frappe.email.doctype.email_account.email_account.notify_unreplied for library.test
2021-10-09 01:40:31,732 INFO scheduler Scheduled Job Start: frappe.email.doctype.email_account.email_account.pull for library.test
2021-10-09 01:40:31,968 INFO scheduler Scheduled Job Complete: frappe.email.doctype.email_account.email_account.pull for library.test
2021-10-09 01:40:32,039 INFO scheduler Scheduled Job Start: frappe.email.queue.flush for library.test
2021-10-09 01:40:32,236 INFO scheduler Scheduled Job Complete: frappe.email.queue.flush for library.test
2021-10-09 01:41:30,748 DEBUG scheduler Queued events for site library.test
2021-10-09 01:42:30,936 DEBUG scheduler Queued events for site library.test
2021-10-09 01:43:31,208 DEBUG scheduler Queued events for site library.test
2021-10-09 01:44:31,553 DEBUG scheduler Queued events for site library.test
2021-10-09 01:44:31,561 INFO scheduler Scheduled Job Start: frappe.monitor.flush for library.test
2021-10-09 01:44:31,792 INFO scheduler Scheduled Job Complete: frappe.monitor.flush for library.test
2021-10-09 01:44:31,858 INFO scheduler Scheduled Job Start: frappe.utils.global_search.sync_global_search for library.test
2021-10-09 01:44:32,107 INFO scheduler Scheduled Job Complete: frappe.utils.global_search.sync_global_search for library.test
2021-10-09 01:44:32,201 INFO scheduler Scheduled Job Start: frappe.integrations.doctype.razorpay_settings.razorpay_settings.capture_payment for library.test
2021-10-09 01:44:32,673 INFO scheduler Scheduled Job Complete: frappe.integrations.doctype.razorpay_settings.razorpay_settings.capture_payment for library.test
2021-10-09 01:44:32,768 INFO scheduler Scheduled Job Start: frappe.email.doctype.email_account.email_account.notify_unreplied for library.test
2021-10-09 01:44:33,052 INFO scheduler Scheduled Job Complete: frappe.email.doctype.email_account.email_account.notify_unreplied for library.test
2021-10-09 01:44:33,155 INFO scheduler Scheduled Job Start: frappe.email.doctype.email_account.email_account.pull for library.test
2021-10-09 01:44:33,415 INFO scheduler Scheduled Job Complete: frappe.email.doctype.email_account.email_account.pull for library.test
2021-10-09 01:44:33,486 INFO scheduler Scheduled Job Start: frappe.email.queue.flush for library.test
2021-10-09 01:44:33,786 INFO scheduler Scheduled Job Complete: frappe.email.queue.flush for library.test
2021-10-09 01:45:31,797 DEBUG scheduler Queued events for site library.test
2021-10-09 01:45:31,848 INFO scheduler Scheduled Job Start: frappe.twofactor.delete_all_barcodes_for_users for library.test
2021-10-09 01:45:32,269 INFO scheduler Scheduled Job Complete: frappe.twofactor.delete_all_barcodes_for_users for library.test
2021-10-09 01:45:32,398 INFO scheduler Scheduled Job Start: frappe.website.doctype.web_page.web_page.check_publish_status for library.test
2021-10-09 01:45:32,885 INFO scheduler Scheduled Job Complete: frappe.website.doctype.web_page.web_page.check_publish_status for library.test
2021-10-09 01:45:32,983 INFO scheduler Scheduled Job Start: frappe.oauth.delete_oauth2_data for library.test
2021-10-09 01:45:33,301 INFO scheduler Scheduled Job Complete: frappe.oauth.delete_oauth2_data for library.test
2021-10-09 01:46:31,968 DEBUG scheduler Queued events for site library.test
2021-10-09 01:47:32,321 DEBUG scheduler Queued events for site library.test
2021-10-09 01:48:32,677 DEBUG scheduler Queued events for site library.test
2021-10-09 01:48:32,705 INFO scheduler Scheduled Job Start: frappe.monitor.flush for library.test
2021-10-09 01:48:33,039 INFO scheduler Scheduled Job Complete: frappe.monitor.flush for library.test
2021-10-09 01:48:33,201 INFO scheduler Scheduled Job Start: frappe.utils.global_search.sync_global_search for library.test
2021-10-09 01:48:33,578 INFO scheduler Scheduled Job Complete: frappe.utils.global_search.sync_global_search for library.test
2021-10-09 01:48:33,725 INFO scheduler Scheduled Job Start: frappe.integrations.doctype.razorpay_settings.razorpay_settings.capture_payment for library.test
2021-10-09 01:48:34,163 INFO scheduler Scheduled Job Complete: frappe.integrations.doctype.razorpay_settings.razorpay_settings.capture_payment for library.test
2021-10-09 01:48:34,280 INFO scheduler Scheduled Job Start: frappe.email.doctype.email_account.email_account.notify_unreplied for library.test
2021-10-09 01:48:34,549 INFO scheduler Scheduled Job Complete: frappe.email.doctype.email_account.email_account.notify_unreplied for library.test
2021-10-09 01:48:34,634 INFO scheduler Scheduled Job Start: frappe.email.doctype.email_account.email_account.pull for library.test
2021-10-09 01:48:34,910 INFO scheduler Scheduled Job Complete: frappe.email.doctype.email_account.email_account.pull for library.test
2021-10-09 01:48:35,011 INFO scheduler Scheduled Job Start: frappe.email.queue.flush for library.test
2021-10-09 01:48:35,253 INFO scheduler Scheduled Job Complete: frappe.email.queue.flush for library.test
2021-10-09 01:49:32,982 DEBUG scheduler Queued events for site library.test
2021-10-09 01:50:33,212 DEBUG scheduler Queued events for site library.test
2021-10-09 01:51:33,441 DEBUG scheduler Queued events for site library.test
2021-10-09 01:52:33,744 INFO scheduler Scheduled Job Start: frappe.monitor.flush for library.test
2021-10-09 01:52:33,760 DEBUG scheduler Queued events for site library.test
2021-10-09 01:52:33,959 INFO scheduler Scheduled Job Complete: frappe.monitor.flush for library.test
2021-10-09 01:52:34,045 INFO scheduler Scheduled Job Start: frappe.utils.global_search.sync_global_search for library.test
2021-10-09 01:52:34,251 INFO scheduler Scheduled Job Complete: frappe.utils.global_search.sync_global_search for library.test
2021-10-09 01:52:34,325 INFO scheduler Scheduled Job Start: frappe.integrations.doctype.razorpay_settings.razorpay_settings.capture_payment for library.test
2021-10-09 01:52:34,812 INFO scheduler Scheduled Job Complete: frappe.integrations.doctype.razorpay_settings.razorpay_settings.capture_payment for library.test
2021-10-09 01:52:34,889 INFO scheduler Scheduled Job Start: frappe.email.doctype.email_account.email_account.notify_unreplied for library.test
2021-10-09 01:52:35,179 INFO scheduler Scheduled Job Complete: frappe.email.doctype.email_account.email_account.notify_unreplied for library.test
2021-10-09 01:52:35,275 INFO scheduler Scheduled Job Start: frappe.email.doctype.email_account.email_account.pull for library.test
2021-10-09 01:52:35,624 INFO scheduler Scheduled Job Complete: frappe.email.doctype.email_account.email_account.pull for library.test
2021-10-09 01:52:35,699 INFO scheduler Scheduled Job Start: frappe.email.queue.flush for library.test
2021-10-09 01:52:35,974 INFO scheduler Scheduled Job Complete: frappe.email.queue.flush for library.test
2021-10-09 01:53:33,961 DEBUG scheduler Queued events for site library.test
2021-10-09 01:54:34,160 DEBUG scheduler Queued events for site library.test
2021-10-09 01:55:34,355 DEBUG scheduler Queued events for site library.test
2021-10-09 01:56:34,632 DEBUG scheduler Queued events for site library.test
2021-10-09 01:56:34,652 INFO scheduler Scheduled Job Start: frappe.monitor.flush for library.test
2021-10-09 01:56:34,876 INFO scheduler Scheduled Job Complete: frappe.monitor.flush for library.test
2021-10-09 01:56:34,969 INFO scheduler Scheduled Job Start: frappe.utils.global_search.sync_global_search for library.test
2021-10-09 01:56:35,202 INFO scheduler Scheduled Job Complete: frappe.utils.global_search.sync_global_search for library.test
2021-10-09 01:56:35,295 INFO scheduler Scheduled Job Start: frappe.integrations.doctype.razorpay_settings.razorpay_settings.capture_payment for library.test
2021-10-09 01:56:35,650 INFO scheduler Scheduled Job Complete: frappe.integrations.doctype.razorpay_settings.razorpay_settings.capture_payment for library.test
2021-10-09 01:56:35,739 INFO scheduler Scheduled Job Start: frappe.email.doctype.email_account.email_account.notify_unreplied for library.test
2021-10-09 01:56:36,028 INFO scheduler Scheduled Job Complete: frappe.email.doctype.email_account.email_account.notify_unreplied for library.test
2021-10-09 01:56:36,106 INFO scheduler Scheduled Job Start: frappe.email.doctype.email_account.email_account.pull for library.test
2021-10-09 01:56:36,398 INFO scheduler Scheduled Job Complete: frappe.email.doctype.email_account.email_account.pull for library.test
2021-10-09 01:56:36,481 INFO scheduler Scheduled Job Start: frappe.email.queue.flush for library.test
2021-10-09 01:56:36,744 INFO scheduler Scheduled Job Complete: frappe.email.queue.flush for library.test
2021-10-09 01:57:35,016 DEBUG scheduler Queued events for site library.test
2021-10-09 01:58:35,385 DEBUG scheduler Queued events for site library.test
2021-10-09 01:59:35,667 DEBUG scheduler Queued events for site library.test
2021-10-09 02:00:35,977 INFO scheduler Scheduled Job Start: frappe.email.doctype.newsletter.newsletter.send_scheduled_email for library.test
2021-10-09 02:00:36,079 DEBUG scheduler Queued events for site library.test
2021-10-09 02:00:36,663 INFO scheduler Scheduled Job Complete: frappe.email.doctype.newsletter.newsletter.send_scheduled_email for library.test
2021-10-09 02:00:36,761 INFO scheduler Scheduled Job Start: frappe.integrations.doctype.google_calendar.google_calendar.sync for library.test
2021-10-09 02:00:37,401 INFO scheduler Scheduled Job Complete: frappe.integrations.doctype.google_calendar.google_calendar.sync for library.test
2021-10-09 02:00:37,483 INFO scheduler Scheduled Job Start: frappe.desk.form.document_follow.send_hourly_updates for library.test
2021-10-09 02:00:37,844 INFO scheduler Scheduled Job Complete: frappe.desk.form.document_follow.send_hourly_updates for library.test
2021-10-09 02:00:37,930 INFO scheduler Scheduled Job Start: frappe.deferred_insert.save_to_db for library.test
2021-10-09 02:00:38,303 INFO scheduler Scheduled Job Complete: frappe.deferred_insert.save_to_db for library.test
2021-10-09 02:00:38,401 INFO scheduler Scheduled Job Start: frappe.desk.page.backups.backups.delete_downloadable_backups for library.test
2021-10-09 02:00:38,846 INFO scheduler Scheduled Job Complete: frappe.desk.page.backups.backups.delete_downloadable_backups for library.test
2021-10-09 02:00:38,935 INFO scheduler Scheduled Job Start: frappe.utils.error.collect_error_snapshots for library.test
2021-10-09 02:00:39,316 INFO scheduler Scheduled Job Complete: frappe.utils.error.collect_error_snapshots for library.test
2021-10-09 02:00:39,417 INFO scheduler Scheduled Job Start: frappe.model.utils.user_settings.sync_user_settings for library.test
2021-10-09 02:00:39,789 INFO scheduler Scheduled Job Complete: frappe.model.utils.user_settings.sync_user_settings for library.test
2021-10-09 02:00:39,874 INFO scheduler Scheduled Job Start: frappe.model.utils.link_count.update_link_count for library.test
2021-10-09 02:00:40,197 INFO scheduler Scheduled Job Complete: frappe.model.utils.link_count.update_link_count for library.test
2021-10-09 02:00:40,284 INFO scheduler Scheduled Job Start: frappe.monitor.flush for library.test
2021-10-09 02:00:40,485 INFO scheduler Scheduled Job Complete: frappe.monitor.flush for library.test
2021-10-09 02:00:40,580 INFO scheduler Scheduled Job Start: frappe.utils.global_search.sync_global_search for library.test
2021-10-09 02:00:40,806 INFO scheduler Scheduled Job Complete: frappe.utils.global_search.sync_global_search for library.test
2021-10-09 02:00:40,894 INFO scheduler Scheduled Job Start: frappe.integrations.doctype.razorpay_settings.razorpay_settings.capture_payment for library.test
2021-10-09 02:00:41,247 INFO scheduler Scheduled Job Complete: frappe.integrations.doctype.razorpay_settings.razorpay_settings.capture_payment for library.test
2021-10-09 02:00:41,337 INFO scheduler Scheduled Job Start: frappe.email.doctype.email_account.email_account.notify_unreplied for library.test
2021-10-09 02:00:41,651 INFO scheduler Scheduled Job Complete: frappe.email.doctype.email_account.email_account.notify_unreplied for library.test
2021-10-09 02:00:41,793 INFO scheduler Scheduled Job Start: frappe.email.doctype.email_account.email_account.pull for library.test
2021-10-09 02:00:42,115 INFO scheduler Scheduled Job Complete: frappe.email.doctype.email_account.email_account.pull for library.test
2021-10-09 02:00:42,204 INFO scheduler Scheduled Job Start: frappe.email.queue.flush for library.test
2021-10-09 02:00:42,465 INFO scheduler Scheduled Job Complete: frappe.email.queue.flush for library.test
2021-10-09 02:00:42,547 INFO scheduler Scheduled Job Start: frappe.twofactor.delete_all_barcodes_for_users for library.test
2021-10-09 02:00:43,022 INFO scheduler Scheduled Job Complete: frappe.twofactor.delete_all_barcodes_for_users for library.test
2021-10-09 02:00:43,111 INFO scheduler Scheduled Job Start: frappe.website.doctype.web_page.web_page.check_publish_status for library.test
2021-10-09 02:00:43,553 INFO scheduler Scheduled Job Complete: frappe.website.doctype.web_page.web_page.check_publish_status for library.test
2021-10-09 02:00:43,648 INFO scheduler Scheduled Job Start: frappe.oauth.delete_oauth2_data for library.test
2021-10-09 02:00:44,017 INFO scheduler Scheduled Job Complete: frappe.oauth.delete_oauth2_data for library.test
2021-10-09 02:01:36,470 DEBUG scheduler Queued events for site library.test
2021-10-09 02:02:36,774 DEBUG scheduler Queued events for site library.test
2021-10-09 02:03:36,980 DEBUG scheduler Queued events for site library.test
2021-10-09 02:04:37,246 DEBUG scheduler Queued events for site library.test
2021-10-09 02:04:37,266 INFO scheduler Scheduled Job Start: frappe.monitor.flush for library.test
2021-10-09 02:04:37,485 INFO scheduler Scheduled Job Complete: frappe.monitor.flush for library.test
2021-10-09 02:04:37,570 INFO scheduler Scheduled Job Start: frappe.utils.global_search.sync_global_search for library.test
2021-10-09 02:04:37,783 INFO scheduler Scheduled Job Complete: frappe.utils.global_search.sync_global_search for library.test
2021-10-09 02:04:37,860 INFO scheduler Scheduled Job Start: frappe.integrations.doctype.razorpay_settings.razorpay_settings.capture_payment for library.test
2021-10-09 02:04:38,235 INFO scheduler Scheduled Job Complete: frappe.integrations.doctype.razorpay_settings.razorpay_settings.capture_payment for library.test
2021-10-09 02:04:38,319 INFO scheduler Scheduled Job Start: frappe.email.doctype.email_account.email_account.notify_unreplied for library.test
2021-10-09 02:04:38,582 INFO scheduler Scheduled Job Complete: frappe.email.doctype.email_account.email_account.notify_unreplied for library.test
2021-10-09 02:04:38,670 INFO scheduler Scheduled Job Start: frappe.email.doctype.email_account.email_account.pull for library.test
2021-10-09 02:04:38,981 INFO scheduler Scheduled Job Complete: frappe.email.doctype.email_account.email_account.pull for library.test
2021-10-09 02:04:39,076 INFO scheduler Scheduled Job Start: frappe.email.queue.flush for library.test
2021-10-09 02:04:39,457 INFO scheduler Scheduled Job Complete: frappe.email.queue.flush for library.test
2021-10-09 02:05:37,456 DEBUG scheduler Queued events for site library.test
2021-10-09 02:06:37,673 DEBUG scheduler Queued events for site library.test
2021-10-09 02:07:37,888 DEBUG scheduler Queued events for site library.test
2021-10-09 02:08:38,200 DEBUG scheduler Queued events for site library.test
2021-10-09 02:08:38,212 INFO scheduler Scheduled Job Start: frappe.monitor.flush for library.test
2021-10-09 02:08:38,460 INFO scheduler Scheduled Job Complete: frappe.monitor.flush for library.test
2021-10-09 02:08:38,566 INFO scheduler Scheduled Job Start: frappe.utils.global_search.sync_global_search for library.test
2021-10-09 02:08:38,917 INFO scheduler Scheduled Job Complete: frappe.utils.global_search.sync_global_search for library.test
2021-10-09 02:08:39,040 INFO scheduler Scheduled Job Start: frappe.integrations.doctype.razorpay_settings.razorpay_settings.capture_payment for library.test
2021-10-09 02:08:39,491 INFO scheduler Scheduled Job Complete: frappe.integrations.doctype.razorpay_settings.razorpay_settings.capture_payment for library.test
2021-10-09 02:08:39,603 INFO scheduler Scheduled Job Start: frappe.email.doctype.email_account.email_account.notify_unreplied for library.test
2021-10-09 02:08:39,878 INFO scheduler Scheduled Job Complete: frappe.email.doctype.email_account.email_account.notify_unreplied for library.test
2021-10-09 02:08:39,970 INFO scheduler Scheduled Job Start: frappe.email.doctype.email_account.email_account.pull for library.test
2021-10-09 02:08:40,349 INFO scheduler Scheduled Job Complete: frappe.email.doctype.email_account.email_account.pull for library.test
2021-10-09 02:08:40,488 INFO scheduler Scheduled Job Start: frappe.email.queue.flush for library.test
2021-10-09 02:08:40,927 INFO scheduler Scheduled Job Complete: frappe.email.queue.flush for library.test
2021-10-09 02:09:38,490 DEBUG scheduler Queued events for site library.test
2021-10-09 02:10:38,727 DEBUG scheduler Queued events for site library.test
2021-10-09 02:11:38,988 DEBUG scheduler Queued events for site library.test
2021-10-09 02:12:39,360 DEBUG scheduler Queued events for site library.test
2021-10-09 02:12:39,405 INFO scheduler Scheduled Job Start: frappe.monitor.flush for library.test
2021-10-09 02:12:39,767 INFO scheduler Scheduled Job Complete: frappe.monitor.flush for library.test
2021-10-09 02:12:39,875 INFO scheduler Scheduled Job Start: frappe.utils.global_search.sync_global_search for library.test
2021-10-09 02:12:40,117 INFO scheduler Scheduled Job Complete: frappe.utils.global_search.sync_global_search for library.test
2021-10-09 02:12:40,215 INFO scheduler Scheduled Job Start: frappe.integrations.doctype.razorpay_settings.razorpay_settings.capture_payment for library.test
2021-10-09 02:12:40,695 INFO scheduler Scheduled Job Complete: frappe.integrations.doctype.razorpay_settings.razorpay_settings.capture_payment for library.test
2021-10-09 02:12:40,792 INFO scheduler Scheduled Job Start: frappe.email.doctype.email_account.email_account.notify_unreplied for library.test
2021-10-09 02:12:41,114 INFO scheduler Scheduled Job Complete: frappe.email.doctype.email_account.email_account.notify_unreplied for library.test
2021-10-09 02:12:41,205 INFO scheduler Scheduled Job Start: frappe.email.doctype.email_account.email_account.pull for library.test
2021-10-09 02:12:41,548 INFO scheduler Scheduled Job Complete: frappe.email.doctype.email_account.email_account.pull for library.test
2021-10-09 02:12:41,649 INFO scheduler Scheduled Job Start: frappe.email.queue.flush for library.test
2021-10-09 02:12:41,915 INFO scheduler Scheduled Job Complete: frappe.email.queue.flush for library.test
2021-10-09 02:36:02,810 INFO scheduler Scheduled Job Start: frappe.monitor.flush for library.test
2021-10-09 02:36:02,813 DEBUG scheduler Queued events for site library.test
2021-10-09 02:36:03,147 INFO scheduler Scheduled Job Complete: frappe.monitor.flush for library.test
2021-10-09 02:36:03,212 INFO scheduler Scheduled Job Start: frappe.utils.global_search.sync_global_search for library.test
2021-10-09 02:36:03,392 INFO scheduler Scheduled Job Complete: frappe.utils.global_search.sync_global_search for library.test
2021-10-09 02:36:03,469 INFO scheduler Scheduled Job Start: frappe.integrations.doctype.razorpay_settings.razorpay_settings.capture_payment for library.test
2021-10-09 02:36:03,883 INFO scheduler Scheduled Job Complete: frappe.integrations.doctype.razorpay_settings.razorpay_settings.capture_payment for library.test
2021-10-09 02:36:03,960 INFO scheduler Scheduled Job Start: frappe.email.doctype.email_account.email_account.notify_unreplied for library.test
2021-10-09 02:36:04,306 INFO scheduler Scheduled Job Complete: frappe.email.doctype.email_account.email_account.notify_unreplied for library.test
2021-10-09 02:36:04,375 INFO scheduler Scheduled Job Start: frappe.email.doctype.email_account.email_account.pull for library.test
2021-10-09 02:36:04,651 INFO scheduler Scheduled Job Complete: frappe.email.doctype.email_account.email_account.pull for library.test
2021-10-09 02:36:04,722 INFO scheduler Scheduled Job Start: frappe.email.queue.flush for library.test
2021-10-09 02:36:04,949 INFO scheduler Scheduled Job Complete: frappe.email.queue.flush for library.test
2021-10-09 02:36:05,023 INFO scheduler Scheduled Job Start: frappe.twofactor.delete_all_barcodes_for_users for library.test
2021-10-09 02:36:05,518 INFO scheduler Scheduled Job Complete: frappe.twofactor.delete_all_barcodes_for_users for library.test
2021-10-09 02:36:05,613 INFO scheduler Scheduled Job Start: frappe.website.doctype.web_page.web_page.check_publish_status for library.test
2021-10-09 02:36:06,282 INFO scheduler Scheduled Job Complete: frappe.website.doctype.web_page.web_page.check_publish_status for library.test
2021-10-09 02:36:06,388 INFO scheduler Scheduled Job Start: frappe.oauth.delete_oauth2_data for library.test
2021-10-09 02:36:06,850 INFO scheduler Scheduled Job Complete: frappe.oauth.delete_oauth2_data for library.test
2021-10-09 02:37:03,162 DEBUG scheduler Queued events for site library.test
2021-10-09 02:38:03,379 DEBUG scheduler Queued events for site library.test
2021-10-09 02:39:03,568 DEBUG scheduler Queued events for site library.test
2021-10-09 02:40:04,126 DEBUG scheduler Queued events for site library.test
2021-10-09 02:40:04,180 INFO scheduler Scheduled Job Start: frappe.monitor.flush for library.test
2021-10-09 02:40:04,617 INFO scheduler Scheduled Job Complete: frappe.monitor.flush for library.test
2021-10-09 02:40:04,825 INFO scheduler Scheduled Job Start: frappe.utils.global_search.sync_global_search for library.test
2021-10-09 02:40:05,357 INFO scheduler Scheduled Job Complete: frappe.utils.global_search.sync_global_search for library.test
2021-10-09 02:40:05,508 INFO scheduler Scheduled Job Start: frappe.integrations.doctype.razorpay_settings.razorpay_settings.capture_payment for library.test
2021-10-09 02:40:06,379 INFO scheduler Scheduled Job Complete: frappe.integrations.doctype.razorpay_settings.razorpay_settings.capture_payment for library.test
2021-10-09 02:40:06,528 INFO scheduler Scheduled Job Start: frappe.email.doctype.email_account.email_account.notify_unreplied for library.test
2021-10-09 02:40:07,178 INFO scheduler Scheduled Job Complete: frappe.email.doctype.email_account.email_account.notify_unreplied for library.test
2021-10-09 02:40:07,410 INFO scheduler Scheduled Job Start: frappe.email.doctype.email_account.email_account.pull for library.test
2021-10-09 02:40:08,131 INFO scheduler Scheduled Job Complete: frappe.email.doctype.email_account.email_account.pull for library.test
2021-10-09 02:40:08,307 INFO scheduler Scheduled Job Start: frappe.email.queue.flush for library.test
2021-10-09 02:40:08,798 INFO scheduler Scheduled Job Complete: frappe.email.queue.flush for library.test
2021-10-09 02:41:04,550 DEBUG scheduler Queued events for site library.test
2021-10-09 02:42:05,020 DEBUG scheduler Queued events for site library.test
2021-10-09 02:43:05,422 DEBUG scheduler Queued events for site library.test
2021-10-09 02:44:05,948 DEBUG scheduler Queued events for site library.test
2021-10-09 02:44:05,980 INFO scheduler Scheduled Job Start: frappe.monitor.flush for library.test
2021-10-09 02:44:06,558 INFO scheduler Scheduled Job Complete: frappe.monitor.flush for library.test
2021-10-09 02:44:06,756 INFO scheduler Scheduled Job Start: frappe.utils.global_search.sync_global_search for library.test
2021-10-09 02:44:07,233 INFO scheduler Scheduled Job Complete: frappe.utils.global_search.sync_global_search for library.test
2021-10-09 02:44:07,410 INFO scheduler Scheduled Job Start: frappe.integrations.doctype.razorpay_settings.razorpay_settings.capture_payment for library.test
2021-10-09 02:44:08,311 INFO scheduler Scheduled Job Complete: frappe.integrations.doctype.razorpay_settings.razorpay_settings.capture_payment for library.test
2021-10-09 02:44:08,534 INFO scheduler Scheduled Job Start: frappe.email.doctype.email_account.email_account.notify_unreplied for library.test
2021-10-09 02:44:09,189 INFO scheduler Scheduled Job Complete: frappe.email.doctype.email_account.email_account.notify_unreplied for library.test
2021-10-09 02:44:09,359 INFO scheduler Scheduled Job Start: frappe.email.doctype.email_account.email_account.pull for library.test
2021-10-09 02:44:10,108 INFO scheduler Scheduled Job Complete: frappe.email.doctype.email_account.email_account.pull for library.test
2021-10-09 02:44:10,291 INFO scheduler Scheduled Job Start: frappe.email.queue.flush for library.test
2021-10-09 02:44:10,830 INFO scheduler Scheduled Job Complete: frappe.email.queue.flush for library.test
2021-10-09 02:45:06,411 DEBUG scheduler Queued events for site library.test
2021-10-09 02:45:06,501 INFO scheduler Scheduled Job Start: frappe.twofactor.delete_all_barcodes_for_users for library.test
2021-10-09 02:45:07,264 INFO scheduler Scheduled Job Complete: frappe.twofactor.delete_all_barcodes_for_users for library.test
2021-10-09 02:45:07,444 INFO scheduler Scheduled Job Start: frappe.website.doctype.web_page.web_page.check_publish_status for library.test
2021-10-09 02:45:08,368 INFO scheduler Scheduled Job Complete: frappe.website.doctype.web_page.web_page.check_publish_status for library.test
2021-10-09 02:45:08,554 INFO scheduler Scheduled Job Start: frappe.oauth.delete_oauth2_data for library.test
2021-10-09 02:45:09,270 INFO scheduler Scheduled Job Complete: frappe.oauth.delete_oauth2_data for library.test
2021-10-09 02:46:06,811 DEBUG scheduler Queued events for site library.test
2021-10-09 02:47:07,198 DEBUG scheduler Queued events for site library.test
2021-10-09 02:48:07,643 DEBUG scheduler Queued events for site library.test
2021-10-09 02:48:07,668 INFO scheduler Scheduled Job Start: frappe.monitor.flush for library.test
2021-10-09 02:48:08,074 INFO scheduler Scheduled Job Complete: frappe.monitor.flush for library.test
2021-10-09 02:48:08,232 INFO scheduler Scheduled Job Start: frappe.utils.global_search.sync_global_search for library.test
2021-10-09 02:48:08,615 INFO scheduler Scheduled Job Complete: frappe.utils.global_search.sync_global_search for library.test
2021-10-09 02:48:08,778 INFO scheduler Scheduled Job Start: frappe.integrations.doctype.razorpay_settings.razorpay_settings.capture_payment for library.test
2021-10-09 02:48:09,446 INFO scheduler Scheduled Job Complete: frappe.integrations.doctype.razorpay_settings.razorpay_settings.capture_payment for library.test
2021-10-09 02:48:09,609 INFO scheduler Scheduled Job Start: frappe.email.doctype.email_account.email_account.notify_unreplied for library.test
2021-10-09 02:48:10,201 INFO scheduler Scheduled Job Complete: frappe.email.doctype.email_account.email_account.notify_unreplied for library.test
2021-10-09 02:48:10,380 INFO scheduler Scheduled Job Start: frappe.email.doctype.email_account.email_account.pull for library.test
2021-10-09 02:48:10,968 INFO scheduler Scheduled Job Complete: frappe.email.doctype.email_account.email_account.pull for library.test
2021-10-09 02:48:11,147 INFO scheduler Scheduled Job Start: frappe.email.queue.flush for library.test
2021-10-09 02:48:11,675 INFO scheduler Scheduled Job Complete: frappe.email.queue.flush for library.test
2021-10-09 02:49:08,060 DEBUG scheduler Queued events for site library.test
2021-10-09 02:50:08,493 DEBUG scheduler Queued events for site library.test
2021-10-09 02:51:08,970 DEBUG scheduler Queued events for site library.test
2021-10-09 02:52:09,210 DEBUG scheduler Queued events for site library.test
2021-10-09 02:52:09,232 INFO scheduler Scheduled Job Start: frappe.monitor.flush for library.test
2021-10-09 02:52:09,447 INFO scheduler Scheduled Job Complete: frappe.monitor.flush for library.test
2021-10-09 02:52:09,520 INFO scheduler Scheduled Job Start: frappe.utils.global_search.sync_global_search for library.test
2021-10-09 02:52:09,740 INFO scheduler Scheduled Job Complete: frappe.utils.global_search.sync_global_search for library.test
2021-10-09 02:52:09,814 INFO scheduler Scheduled Job Start: frappe.integrations.doctype.razorpay_settings.razorpay_settings.capture_payment for library.test
2021-10-09 02:52:10,191 INFO scheduler Scheduled Job Complete: frappe.integrations.doctype.razorpay_settings.razorpay_settings.capture_payment for library.test
2021-10-09 02:52:10,262 INFO scheduler Scheduled Job Start: frappe.email.doctype.email_account.email_account.notify_unreplied for library.test
2021-10-09 02:52:10,729 INFO scheduler Scheduled Job Complete: frappe.email.doctype.email_account.email_account.notify_unreplied for library.test
2021-10-09 02:52:10,811 INFO scheduler Scheduled Job Start: frappe.email.doctype.email_account.email_account.pull for library.test
2021-10-09 02:52:11,218 INFO scheduler Scheduled Job Complete: frappe.email.doctype.email_account.email_account.pull for library.test
2021-10-09 02:52:11,337 INFO scheduler Scheduled Job Start: frappe.email.queue.flush for library.test
2021-10-09 02:52:11,778 INFO scheduler Scheduled Job Complete: frappe.email.queue.flush for library.test
2021-10-09 02:53:09,464 DEBUG scheduler Queued events for site library.test
2021-10-09 02:54:09,835 DEBUG scheduler Queued events for site library.test
2021-10-09 02:55:10,165 DEBUG scheduler Queued events for site library.test
2021-10-09 02:56:10,388 DEBUG scheduler Queued events for site library.test
2021-10-09 02:56:10,462 INFO scheduler Scheduled Job Start: frappe.monitor.flush for library.test
2021-10-09 02:56:10,819 INFO scheduler Scheduled Job Complete: frappe.monitor.flush for library.test
2021-10-09 02:56:10,915 INFO scheduler Scheduled Job Start: frappe.utils.global_search.sync_global_search for library.test
2021-10-09 02:56:11,153 INFO scheduler Scheduled Job Complete: frappe.utils.global_search.sync_global_search for library.test
2021-10-09 02:56:11,227 INFO scheduler Scheduled Job Start: frappe.integrations.doctype.razorpay_settings.razorpay_settings.capture_payment for library.test
2021-10-09 02:56:11,568 INFO scheduler Scheduled Job Complete: frappe.integrations.doctype.razorpay_settings.razorpay_settings.capture_payment for library.test
2021-10-09 02:56:11,647 INFO scheduler Scheduled Job Start: frappe.email.doctype.email_account.email_account.notify_unreplied for library.test
2021-10-09 02:56:11,973 INFO scheduler Scheduled Job Complete: frappe.email.doctype.email_account.email_account.notify_unreplied for library.test
2021-10-09 02:56:12,059 INFO scheduler Scheduled Job Start: frappe.email.doctype.email_account.email_account.pull for library.test
2021-10-09 02:56:12,369 INFO scheduler Scheduled Job Complete: frappe.email.doctype.email_account.email_account.pull for library.test
2021-10-09 02:56:12,436 INFO scheduler Scheduled Job Start: frappe.email.queue.flush for library.test
2021-10-09 02:56:12,665 INFO scheduler Scheduled Job Complete: frappe.email.queue.flush for library.test
2021-10-09 02:57:10,569 DEBUG scheduler Queued events for site library.test
